<?xml version="1.0" encoding="utf-8"?>
<testsuite errors="0" failures="0" name="unittest.suite.TestSuite" tests="1" time="155.407">
  <testcase classname="rostest.runner.RosTest" name="testrecording_ts0_c0_r0_e0_0" time="155.4067"></testcase>
  <system-out><![CDATA[[ROSTEST]setup[/home/flg-ma/git/nav_tests/build/atf_nav_test/test_generated/recording/recording_ts0_c0_r0_e0_0.test] run_id[6ee2a73c-b004-11e7-856f-782bcbad4e67] starting
?[1mstarted roslaunch server http://cob-stud-5:34290/?[0m

SUMMARY
========

CLEAR PARAMETERS
 * /bms/

PARAMETERS
 * /android_script_server/control_buttons/group10/buttons: [['stop', 'stop',...
 * /android_script_server/control_buttons/group10/component_name: base
 * /android_script_server/control_buttons/group10/group_name: base
 * /android_script_server/control_buttons/group11/buttons: [['stop', 'stop']...
 * /android_script_server/control_buttons/group11/component_name: sensorring
 * /android_script_server/control_buttons/group11/group_name: sensorring
 * /android_script_server/control_buttons/group16/buttons: [['stop', 'stop']...
 * /android_script_server/control_buttons/group16/component_name: torso
 * /android_script_server/control_buttons/group16/group_name: torso
 * /android_script_server/control_buttons/group17/buttons: [['torso_front', ...
 * /android_script_server/control_buttons/group17/component_name: behavior
 * /android_script_server/control_buttons/group17/group_name: torso
 * /android_script_server/control_buttons/group18/buttons: [['stop', 'stop']...
 * /android_script_server/control_buttons/group18/component_name: head
 * /android_script_server/control_buttons/group18/group_name: head
 * /android_script_server/control_buttons/group21/buttons: [['laughing', 'tr...
 * /android_script_server/control_buttons/group21/component_name: behavior
 * /android_script_server/control_buttons/group21/group_name: mimic
 * /android_script_server/control_buttons/group22/buttons: [['cyanBreath', '...
 * /android_script_server/control_buttons/group22/component_name: behavior
 * /android_script_server/control_buttons/group22/group_name: light
 * /android_script_server/control_buttons/group23/buttons: [['hello', 'trigg...
 * /android_script_server/control_buttons/group23/component_name: behavior
 * /android_script_server/control_buttons/group23/group_name: sound
 * /atf/bagfile_output: /tmp/atf_nav_test...
 * /atf/json_output: /tmp/atf_nav_test...
 * /atf/robot_config/additional_arguments: []
 * /atf/robot_config/additional_parameters: []
 * /atf/robot_config/goal/topics: ['/move_base/goal...
 * /atf/robot_config/wait_for_services: []
 * /atf/robot_config/wait_for_topics: ['/move_base/stat...
 * /atf/robot_config_name: robot1
 * /atf/robot_env_config_name: env1
 * /atf/test_config/testblock_nav/goal: [{'topic': '/move...
 * /atf/test_config/testblock_nav/jerk: [{'topic': '/base...
 * /atf/test_config/testblock_nav/path_length: [{'root_frame': '...
 * /atf/test_config/testblock_nav/time: [{'groundtruth_ep...
 * /atf/test_config_name: test1
 * /atf/test_name: ts0_c0_r0_e0_0
 * /atf/yaml_output: /tmp/atf_nav_test...
 * /auto_init/components: ['base', 'torso']
 * /auto_localisation/max_rot_dist_station: 1.0
 * /auto_localisation/max_rot_dist_transform: 0.3
 * /auto_localisation/max_trans_dist_station: 2.0
 * /auto_localisation/max_trans_dist_transform: 1.0
 * /auto_localisation/station: [-0.0, -0.0, 0.0]
 * /auto_recover/components: ['base', 'torso']
 * /base/joint_names: ['fl_caster_rotat...
 * /base/joint_state_controller/publish_rate: 50
 * /base/joint_state_controller/type: joint_state_contr...
 * /base/odometry_controller/child_frame_id: /base_footprint
 * /base/odometry_controller/cov_pose: 0.1
 * /base/odometry_controller/cov_twist: 0.1
 * /base/odometry_controller/frame_id: /odom_combined
 * /base/odometry_controller/publish_rate: 50
 * /base/odometry_controller/type: cob_omni_drive_co...
 * /base/odometry_controller/wheels: [{'drive': 'fl_ca...
 * /base/twist_controller/defaults/steer_ctrl/d_phi_max: 10.0
 * /base/twist_controller/defaults/steer_ctrl/damp: 2.75
 * /base/twist_controller/defaults/steer_ctrl/dd_phi_max: 40.0
 * /base/twist_controller/defaults/steer_ctrl/spring: 15.0
 * /base/twist_controller/defaults/steer_ctrl/virt_mass: 0.1
 * /base/twist_controller/pub_divider: 1
 * /base/twist_controller/required_drive_mode: 3
 * /base/twist_controller/timeout: 0.5
 * /base/twist_controller/type: cob_omni_drive_co...
 * /base/twist_controller/wheels: [{'drive': 'fl_ca...
 * /base/twist_mux/locks: [{'topic': 'twist...
 * /base/twist_mux/topics: [{'topic': 'twist...
 * /base/velocity_smoother/accel_lim_vx: 0.5
 * /base/velocity_smoother/accel_lim_vy: 0.5
 * /base/velocity_smoother/accel_lim_w: 0.5
 * /base/velocity_smoother/decel_factor: 1.5
 * /base/velocity_smoother/decel_factor_safe: 2.5
 * /base/velocity_smoother/frequency: 50.0
 * /base/velocity_smoother/robot_feedback: 1
 * /base/velocity_smoother/speed_lim_vx: 1.2
 * /base/velocity_smoother/speed_lim_vy: 1.0
 * /base/velocity_smoother/speed_lim_w: 1.2
 * /base_laser_front/baud: 500000
 * /base_laser_front/frame_id: /base_laser_front...
 * /base_laser_front/inverted: False
 * /base_laser_front/port: /dev/ttyScanFront
 * /base_laser_front/publish_frequency: 12
 * /base_laser_front/scan_cycle_time: 0.04
 * /base_laser_front/scan_duration: 0.025
 * /base_laser_front/scan_id: 7
 * /base_laser_front/scan_intervals: [[-1.5, 1.5]]
 * /base_laser_left/baud: 500000
 * /base_laser_left/frame_id: /base_laser_left_...
 * /base_laser_left/inverted: False
 * /base_laser_left/port: /dev/ttyScanLeft
 * /base_laser_left/publish_frequency: 12
 * /base_laser_left/scan_cycle_time: 0.04
 * /base_laser_left/scan_duration: 0.025
 * /base_laser_left/scan_id: 7
 * /base_laser_left/scan_intervals: [[-1.5, 1.5]]
 * /base_laser_right/baud: 500000
 * /base_laser_right/frame_id: /base_laser_right...
 * /base_laser_right/inverted: False
 * /base_laser_right/port: /dev/ttyScanRight
 * /base_laser_right/publish_frequency: 12
 * /base_laser_right/scan_cycle_time: 0.04
 * /base_laser_right/scan_duration: 0.025
 * /base_laser_right/scan_id: 8
 * /base_laser_right/scan_intervals: [[-1.5, 1.5]]
 * /battery_monitor/enable_light: True
 * /battery_monitor/enable_sound: False
 * /battery_monitor/light_components: ['light_torso']
 * /battery_monitor/num_leds: 72
 * /battery_monitor/sound_components: ['sound']
 * /battery_monitor/threshold_critical: 5
 * /battery_monitor/threshold_error: 10
 * /battery_monitor/threshold_warning: 20
 * /bms/bms_id_to_poll: 512
 * /bms/can_device: can1
 * /bms/diagnostics: [{'fields': [{'bi...
 * /bms/poll_frequency_hz: 20
 * /bms/topics: ['current', 'volt...
 * /call_staff/number_overwrite: 
 * /collision_velocity_filter/anti_collision_costmap/footprint: [[0.43, 0.35], [0...
 * /collision_velocity_filter/anti_collision_costmap/footprint_padding: 0.02
 * /collision_velocity_filter/anti_collision_costmap/global_frame: /base_link
 * /collision_velocity_filter/anti_collision_costmap/height: 5.0
 * /collision_velocity_filter/anti_collision_costmap/obstacle_layer/laser_scan_front/clearing: True
 * /collision_velocity_filter/anti_collision_costmap/obstacle_layer/laser_scan_front/data_type: LaserScan
 * /collision_velocity_filter/anti_collision_costmap/obstacle_layer/laser_scan_front/marking: True
 * /collision_velocity_filter/anti_collision_costmap/obstacle_layer/laser_scan_front/sensor_frame: base_laser_front_...
 * /collision_velocity_filter/anti_collision_costmap/obstacle_layer/laser_scan_front/topic: /base_laser_front...
 * /collision_velocity_filter/anti_collision_costmap/obstacle_layer/laser_scan_left/clearing: True
 * /collision_velocity_filter/anti_collision_costmap/obstacle_layer/laser_scan_left/data_type: LaserScan
 * /collision_velocity_filter/anti_collision_costmap/obstacle_layer/laser_scan_left/marking: True
 * /collision_velocity_filter/anti_collision_costmap/obstacle_layer/laser_scan_left/sensor_frame: base_laser_left_link
 * /collision_velocity_filter/anti_collision_costmap/obstacle_layer/laser_scan_left/topic: /base_laser_left/...
 * /collision_velocity_filter/anti_collision_costmap/obstacle_layer/laser_scan_right/clearing: True
 * /collision_velocity_filter/anti_collision_costmap/obstacle_layer/laser_scan_right/data_type: LaserScan
 * /collision_velocity_filter/anti_collision_costmap/obstacle_layer/laser_scan_right/marking: True
 * /collision_velocity_filter/anti_collision_costmap/obstacle_layer/laser_scan_right/sensor_frame: base_laser_right_...
 * /collision_velocity_filter/anti_collision_costmap/obstacle_layer/laser_scan_right/topic: /base_laser_right...
 * /collision_velocity_filter/anti_collision_costmap/obstacle_layer/map_type: costmap
 * /collision_velocity_filter/anti_collision_costmap/obstacle_layer/max_obstacle_height: 2.0
 * /collision_velocity_filter/anti_collision_costmap/obstacle_layer/observation_sources: laser_scan_front ...
 * /collision_velocity_filter/anti_collision_costmap/obstacle_layer/obstacle_range: 3.0
 * /collision_velocity_filter/anti_collision_costmap/obstacle_layer/raytrace_range: 3.0
 * /collision_velocity_filter/anti_collision_costmap/plugins: [{'type': 'costma...
 * /collision_velocity_filter/anti_collision_costmap/publish_frequency: 5.0
 * /collision_velocity_filter/anti_collision_costmap/resolution: 0.07
 * /collision_velocity_filter/anti_collision_costmap/robot_base_frame: /base_footprint
 * /collision_velocity_filter/anti_collision_costmap/rolling_window: True
 * /collision_velocity_filter/anti_collision_costmap/static_map: False
 * /collision_velocity_filter/anti_collision_costmap/update_frequency: 5.0
 * /collision_velocity_filter/anti_collision_costmap/width: 5.0
 * /collision_velocity_filter/costmap_parameter_source: /local_costmap_no...
 * /collision_velocity_filter/footprint_update_frequency: 0.5
 * /collision_velocity_filter/influence_radius: 2.0
 * /collision_velocity_filter/max_acceleration: [0.5, 0.5, 0.7]
 * /collision_velocity_filter/obstacle_damping_dist: 1.0
 * /collision_velocity_filter/pot_ctrl_kp: 3.0
 * /collision_velocity_filter/pot_ctrl_kv: 2.5
 * /collision_velocity_filter/pot_ctrl_virt_mass: 0.5
 * /collision_velocity_filter/pot_ctrl_vmax: 0.6
 * /collision_velocity_filter/pot_ctrl_vtheta_max: 0.6
 * /collision_velocity_filter/stop_threshold: 0.1
 * /collision_velocity_filter/use_circumscribed_threshold: 0.5
 * /detection_filter_3d/inlier_volume_depth: 0.6
 * /detection_filter_3d/inlier_volume_height: 1.8
 * /detection_filter_3d/inlier_volume_height_above_ground: 0.2
 * /detection_filter_3d/inlier_volume_width: 0.6
 * /detection_filter_3d/mode: 0
 * /detection_filter_3d/pointcloud_timeout: 5.0
 * /detection_filter_3d/pointcloud_topics: ['/sensorring_cam...
 * /detection_filter_3d/step_width: 2
 * /detection_filter_3d/threshold_point_count: 500.0
 * /diagnostic_aggregator/analyzers/computers/analyzers/b1/contains: -b1
 * /diagnostic_aggregator/analyzers/computers/analyzers/b1/path: b1
 * /diagnostic_aggregator/analyzers/computers/analyzers/b1/type: diagnostic_aggreg...
 * /diagnostic_aggregator/analyzers/computers/analyzers/h1/contains: -h1
 * /diagnostic_aggregator/analyzers/computers/analyzers/h1/path: h1
 * /diagnostic_aggregator/analyzers/computers/analyzers/h1/type: diagnostic_aggreg...
 * /diagnostic_aggregator/analyzers/computers/analyzers/s1/contains: -s1
 * /diagnostic_aggregator/analyzers/computers/analyzers/s1/path: s1
 * /diagnostic_aggregator/analyzers/computers/analyzers/s1/type: diagnostic_aggreg...
 * /diagnostic_aggregator/analyzers/computers/analyzers/t1/contains: -t1
 * /diagnostic_aggregator/analyzers/computers/analyzers/t1/path: t1
 * /diagnostic_aggregator/analyzers/computers/analyzers/t1/type: diagnostic_aggreg...
 * /diagnostic_aggregator/analyzers/computers/analyzers/t2/contains: -t2
 * /diagnostic_aggregator/analyzers/computers/analyzers/t2/path: t2
 * /diagnostic_aggregator/analyzers/computers/analyzers/t2/type: diagnostic_aggreg...
 * /diagnostic_aggregator/analyzers/computers/analyzers/t3/contains: -t3
 * /diagnostic_aggregator/analyzers/computers/analyzers/t3/path: t3
 * /diagnostic_aggregator/analyzers/computers/analyzers/t3/type: diagnostic_aggreg...
 * /diagnostic_aggregator/analyzers/computers/path: Computers
 * /diagnostic_aggregator/analyzers/computers/type: diagnostic_aggreg...
 * /diagnostic_aggregator/analyzers/io/analyzers/joystick/contains: joy
 * /diagnostic_aggregator/analyzers/io/analyzers/joystick/path: Joystick
 * /diagnostic_aggregator/analyzers/io/analyzers/joystick/type: diagnostic_aggreg...
 * /diagnostic_aggregator/analyzers/io/analyzers/light/contains: light
 * /diagnostic_aggregator/analyzers/io/analyzers/light/path: Light
 * /diagnostic_aggregator/analyzers/io/analyzers/light/type: diagnostic_aggreg...
 * /diagnostic_aggregator/analyzers/io/analyzers/sound/contains: sound
 * /diagnostic_aggregator/analyzers/io/analyzers/sound/path: Sound
 * /diagnostic_aggregator/analyzers/io/analyzers/sound/type: diagnostic_aggreg...
 * /diagnostic_aggregator/analyzers/io/path: IO
 * /diagnostic_aggregator/analyzers/io/type: diagnostic_aggreg...
 * /diagnostic_aggregator/analyzers/motors/analyzers/base/contains: base/
 * /diagnostic_aggregator/analyzers/motors/analyzers/base/path: Base
 * /diagnostic_aggregator/analyzers/motors/analyzers/base/type: diagnostic_aggreg...
 * /diagnostic_aggregator/analyzers/motors/analyzers/torso/contains: torso/
 * /diagnostic_aggregator/analyzers/motors/analyzers/torso/path: Torso
 * /diagnostic_aggregator/analyzers/motors/analyzers/torso/type: diagnostic_aggreg...
 * /diagnostic_aggregator/analyzers/motors/path: Actuators
 * /diagnostic_aggregator/analyzers/motors/type: diagnostic_aggreg...
 * /diagnostic_aggregator/analyzers/safety/contains: safety
 * /diagnostic_aggregator/analyzers/safety/path: Safety
 * /diagnostic_aggregator/analyzers/safety/type: diagnostic_aggreg...
 * /diagnostic_aggregator/analyzers/scenario/analyzers/linphone/contains: linphone
 * /diagnostic_aggregator/analyzers/scenario/analyzers/linphone/path: Linphone
 * /diagnostic_aggregator/analyzers/scenario/analyzers/linphone/type: diagnostic_aggreg...
 * /diagnostic_aggregator/analyzers/scenario/analyzers/navigation/contains: navigation
 * /diagnostic_aggregator/analyzers/scenario/analyzers/navigation/path: Navigation
 * /diagnostic_aggregator/analyzers/scenario/analyzers/navigation/type: diagnostic_aggreg...
 * /diagnostic_aggregator/analyzers/scenario/analyzers/search/contains: search
 * /diagnostic_aggregator/analyzers/scenario/analyzers/search/path: SearchInterface
 * /diagnostic_aggregator/analyzers/scenario/analyzers/search/type: diagnostic_aggreg...
 * /diagnostic_aggregator/analyzers/scenario/analyzers/sensor_processing/contains: sensor_processing
 * /diagnostic_aggregator/analyzers/scenario/analyzers/sensor_processing/path: SensorProcessing
 * /diagnostic_aggregator/analyzers/scenario/analyzers/sensor_processing/type: diagnostic_aggreg...
 * /diagnostic_aggregator/analyzers/scenario/analyzers/state_machine/contains: state_machine
 * /diagnostic_aggregator/analyzers/scenario/analyzers/state_machine/path: StateMachine
 * /diagnostic_aggregator/analyzers/scenario/analyzers/state_machine/type: diagnostic_aggreg...
 * /diagnostic_aggregator/analyzers/scenario/analyzers/voice_control/contains: voice_control
 * /diagnostic_aggregator/analyzers/scenario/analyzers/voice_control/path: VoiceControl
 * /diagnostic_aggregator/analyzers/scenario/analyzers/voice_control/type: diagnostic_aggreg...
 * /diagnostic_aggregator/analyzers/scenario/path: Scenario
 * /diagnostic_aggregator/analyzers/scenario/type: diagnostic_aggreg...
 * /diagnostic_aggregator/analyzers/sensors/analyzers/battery/contains: bms
 * /diagnostic_aggregator/analyzers/sensors/analyzers/battery/path: Battery Status
 * /diagnostic_aggregator/analyzers/sensors/analyzers/battery/type: diagnostic_aggreg...
 * /diagnostic_aggregator/analyzers/sensors/analyzers/head_cam/contains: head_cam
 * /diagnostic_aggregator/analyzers/sensors/analyzers/head_cam/path: Head Cam
 * /diagnostic_aggregator/analyzers/sensors/analyzers/head_cam/type: diagnostic_aggreg...
 * /diagnostic_aggregator/analyzers/sensors/analyzers/laser_front/contains: laser_left
 * /diagnostic_aggregator/analyzers/sensors/analyzers/laser_front/path: Scan Left
 * /diagnostic_aggregator/analyzers/sensors/analyzers/laser_front/type: diagnostic_aggreg...
 * /diagnostic_aggregator/analyzers/sensors/analyzers/laser_rear/contains: laser_right
 * /diagnostic_aggregator/analyzers/sensors/analyzers/laser_rear/path: Scan Right
 * /diagnostic_aggregator/analyzers/sensors/analyzers/laser_rear/type: diagnostic_aggreg...
 * /diagnostic_aggregator/analyzers/sensors/analyzers/laser_top/contains: laser_front
 * /diagnostic_aggregator/analyzers/sensors/analyzers/laser_top/path: Scan Front
 * /diagnostic_aggregator/analyzers/sensors/analyzers/laser_top/type: diagnostic_aggreg...
 * /diagnostic_aggregator/analyzers/sensors/analyzers/sensorring_cam3d/contains: sensorring_cam3d
 * /diagnostic_aggregator/analyzers/sensors/analyzers/sensorring_cam3d/path: Sensorring Cam3d
 * /diagnostic_aggregator/analyzers/sensors/analyzers/sensorring_cam3d/type: diagnostic_aggreg...
 * /diagnostic_aggregator/analyzers/sensors/analyzers/torso_cam3d_down/contains: torso_cam3d_down
 * /diagnostic_aggregator/analyzers/sensors/analyzers/torso_cam3d_down/path: Torso Cam3d Down
 * /diagnostic_aggregator/analyzers/sensors/analyzers/torso_cam3d_down/type: diagnostic_aggreg...
 * /diagnostic_aggregator/analyzers/sensors/analyzers/torso_cam3d_left/contains: torso_cam3d_left
 * /diagnostic_aggregator/analyzers/sensors/analyzers/torso_cam3d_left/path: Torso Cam3d Left
 * /diagnostic_aggregator/analyzers/sensors/analyzers/torso_cam3d_left/type: diagnostic_aggreg...
 * /diagnostic_aggregator/analyzers/sensors/analyzers/torso_cam3d_right/contains: torso_cam3d_right
 * /diagnostic_aggregator/analyzers/sensors/analyzers/torso_cam3d_right/path: Torso Cam3d Right
 * /diagnostic_aggregator/analyzers/sensors/analyzers/torso_cam3d_right/type: diagnostic_aggreg...
 * /diagnostic_aggregator/analyzers/sensors/path: Sensors
 * /diagnostic_aggregator/analyzers/sensors/type: diagnostic_aggreg...
 * /diagnostic_aggregator/base_path: 
 * /diagnostic_aggregator/pub_rate: 1.0
 * /docker_control/distance_tolerance: 0.1
 * /docker_control/intensity_lower_threshold: 200
 * /docker_control/intensity_upper_threshold: 10000
 * /docker_control/move_base_linear/global_frame: odom_combined
 * /docker_control/move_base_linear/goal_abortion_time: 5.0
 * /docker_control/move_base_linear/goal_threshold: 0.02
 * /docker_control/move_base_linear/goal_threshold_rot: 0.06
 * /docker_control/move_base_linear/kp: 3.0
 * /docker_control/move_base_linear/kp_rot: 2.0
 * /docker_control/move_base_linear/kv: 2.5
 * /docker_control/move_base_linear/kv_rot: 2.0
 * /docker_control/move_base_linear/robot_frame: base_link
 * /docker_control/move_base_linear/slow_down_distance: 0.25
 * /docker_control/move_base_linear/speed_threshold: 0.02
 * /docker_control/move_base_linear/speed_threshold_rot: 0.02
 * /docker_control/move_base_linear/virt_mass: 0.5
 * /docker_control/move_base_linear/virt_mass_rot: 0.5
 * /docker_control/move_base_linear/vmax: 0.09
 * /docker_control/move_base_linear/vtheta_max: 0.3
 * /docker_control/stations: [{'reflector_dist...
 * /docker_control/update_rate: 0.25
 * /emergency_stop_monitor/color_ok: cyan
 * /emergency_stop_monitor/diagnostics_based: True
 * /emergency_stop_monitor/enable_light: True
 * /emergency_stop_monitor/enable_sound: False
 * /emergency_stop_monitor/light_components: ['light_base']
 * /emergency_stop_monitor/motion_based: True
 * /emergency_stop_monitor/sound_components: ['sound']
 * /error_monitor/blacklist_navgoals: []
 * /error_monitor/offers/products: [[1794129, 'eine ...
 * /error_monitor/phone_numbers/error: []
 * /error_monitor/phone_numbers/info: []
 * /error_monitor/phone_numbers/roboter_position: []
 * /error_monitor/phone_numbers/stehle: []
 * /error_monitor/settings/behaviors/battery/dock/max_dock_attempts: 5
 * /error_monitor/settings/behaviors/battery/dock/post_torso_position: left
 * /error_monitor/settings/behaviors/battery/dock/pre_nav_goal_position: charger
 * /error_monitor/settings/behaviors/battery/dock/pre_torso_position: home
 * /error_monitor/settings/behaviors/battery/dock/station_name: station_charger
 * /error_monitor/settings/behaviors/battery/undock/post_nav_goal_position: charger
 * /error_monitor/settings/behaviors/battery/undock/pre_torso_position: home
 * /error_monitor/settings/behaviors/battery/undock/station_name: station_charger
 * /error_monitor/settings/global/facebook_enabled: False
 * /error_monitor/settings/global/language: german
 * /error_monitor/settings/machines/greeting/check_person_near_timeout: 6.0
 * /error_monitor/settings/machines/greeting/check_person_timeout: 15.0
 * /error_monitor/settings/machines/idle/entertain_duration: 30
 * /error_monitor/settings/machines/idle/person_detection_initial_timeout: 5.0
 * /error_monitor/settings/machines/productsearch/check_person_timeout: 15.0
 * /error_monitor/settings/machines/staffsearch/entertain_duration: 20
 * /error_monitor/settings/machines/staffsearch/qr_authentication_timeout: 300
 * /error_monitor/settings/monitors/battmonitor/min_battery_charge: 10
 * /error_monitor/settings/monitors/navmonitor/monologs_duration: 30
 * /error_monitor/settings/states/general/base_position_checker/default_dist_threshold: 3.0
 * /error_monitor/settings/states/general/emotion/head_enabled: False
 * /error_monitor/settings/states/general/emotion/light_enabled: True
 * /error_monitor/settings/states/general/emotion/mimic_enabled: True
 * /error_monitor/settings/states/general/emotion/torso_enabled: True
 * /error_monitor/settings/states/general/entertain/audio_genre: default
 * /error_monitor/settings/states/general/entertain/default_entertain_duration: 30
 * /error_monitor/settings/states/general/error/error_call_resolve_timeout: 300
 * /error_monitor/settings/states/general/error/error_call_retry_timeout: 60
 * /error_monitor/settings/states/general/error/error_confirmation_timeout: 180
 * /error_monitor/settings/states/general/productlist/default_timeout: 240
 * /error_monitor/settings/states/general/slack/topic: /from_ros_to_slack
 * /error_monitor/settings/states/person_detection/min_score_person_near: 0.28
 * /error_monitor/settings/states/voice_ctrl/call/max_iterations: 5
 * /error_monitor/settings/states/voice_ctrl/call/ring_timeout: 30
 * /error_monitor/settings/states/voice_ctrl/decision/action_exec_timeout: 20
 * /error_monitor/settings/states/voice_ctrl/decision/max_iterations: 3
 * /error_monitor/settings/states/voice_ctrl/intention/action_exec_timeout: 20
 * /error_monitor/settings/states/voice_ctrl/intention/max_iterations: 3
 * /error_monitor/settings/states/voice_ctrl/say/action_exec_timeout: 20
 * /error_monitor/tts_monologs/call_error/dismissed: [[1.0, u'Er schei...
 * /error_monitor/tts_monologs/call_error/occupied: [[1.0, 'Da ist ge...
 * /error_monitor/tts_monologs/call_error/timedout: [[1.0, 'Es schein...
 * /error_monitor/tts_monologs/discharge/bummer: [[1.0, 'Ok, schah...
 * /error_monitor/tts_monologs/discharge/bye1: [[1.0, 'Ich freue...
 * /error_monitor/tts_monologs/discharge/bye2: [[1.0, u'Viel Spa...
 * /error_monitor/tts_monologs/discharge/bye3: [[1.0, u'Leider v...
 * /error_monitor/tts_monologs/discharge/bye4: [[1.0, u'Ok! Dann...
 * /error_monitor/tts_monologs/discharge/bye5: [[1.0, u'Ich mach...
 * /error_monitor/tts_monologs/discharge/bye6: [[1.0, u'Danke f\...
 * /error_monitor/tts_monologs/discharge/customer_away: [[1.0, 'Ich kann ...
 * /error_monitor/tts_monologs/discharge/facebook_friends: [[1.0, 'Ok, schah...
 * /error_monitor/tts_monologs/discharge/fail2: [[1.0, u'OK! Viel...
 * /error_monitor/tts_monologs/discharge/fail: [[1.0, u'OK! Viel...
 * /error_monitor/tts_monologs/discharge/have_fun_shopping: [[1.0, u'Ok! Dann...
 * /error_monitor/tts_monologs/discharge/help: [[1.0, 'Konnte ic...
 * /error_monitor/tts_monologs/discharge/juhu: [[1.0, 'Juuhuu! D...
 * /error_monitor/tts_monologs/discharge/meet_again: [[1.0, u'W\xfcrde...
 * /error_monitor/tts_monologs/discharge/performance: [[1.0, 'Warst du ...
 * /error_monitor/tts_monologs/discharge/questions: [[1.0, 'Ok! Ich h...
 * /error_monitor/tts_monologs/discharge/servus: [[1.0, 'Sservus']]
 * /error_monitor/tts_monologs/discharge/three_questions: [[1.0, 'Kannst du...
 * /error_monitor/tts_monologs/error/general: [[1.0, u'Oh, da i...
 * /error_monitor/tts_monologs/error/robot: [[1.0, 'Ich habe ...
 * /error_monitor/tts_monologs/error/state: [[1.0, u'Oh, da s...
 * /error_monitor/tts_monologs/error/transition: [[1.0, u'Ein Fehl...
 * /error_monitor/tts_monologs/greeting/facebook: [[1.0, 'Aber ich ...
 * /error_monitor/tts_monologs/greeting/greetings: [[1.0, 'Hallo!'],...
 * /error_monitor/tts_monologs/greeting/introductions: [[1.0, 'Ich bin P...
 * /error_monitor/tts_monologs/greeting/juhu: [[1.0, 'Juhu! Das...
 * /error_monitor/tts_monologs/greeting/oh: [[1.0, 'Oh, Schad...
 * /error_monitor/tts_monologs/greeting/questioning: [[1.0, 'Ok! Wills...
 * /error_monitor/tts_monologs/greeting/search_product: [[1.0, 'Bist du a...
 * /error_monitor/tts_monologs/greeting/smalltalk_intros: [[1.0, 'Wenn du w...
 * /error_monitor/tts_monologs/hey_paul/hey: [[1.0, u'Dann sch...
 * /error_monitor/tts_monologs/nav_monitor/path_blocked: [[1.0, 'Huch, der...
 * /error_monitor/tts_monologs/nav_monitor/recovery: [[1.0, 'Hier geht...
 * /error_monitor/tts_monologs/nav_monitor/replan: [[1.0, 'Der Weg s...
 * /error_monitor/tts_monologs/navigation/aborted: [[1.0, 'Ich konnt...
 * /error_monitor/tts_monologs/navigation/blacklisted: [[1.0, 'Leider ka...
 * /error_monitor/tts_monologs/navigation/goal_failed_retry: [[1.0, 'Ich konnt...
 * /error_monitor/tts_monologs/navigation/goal_reached: [[1.0, 'Wir sind ...
 * /error_monitor/tts_monologs/navigation/goal_reached_pickup: [[1.0, 'Wir sind ...
 * /error_monitor/tts_monologs/navigation/goal_reached_service: [[1.0, u'Wir sind...
 * /error_monitor/tts_monologs/navigation/goal_reached_wc: [[1.0, 'Wir sind ...
 * /error_monitor/tts_monologs/navigation/low_charge: [[1.0, 'Oh, entsc...
 * /error_monitor/tts_monologs/navigation/on_start: [[1.0, 'Achtung j...
 * /error_monitor/tts_monologs/navigation/pre_start: [[1.0, u'Trete bi...
 * /error_monitor/tts_monologs/product_list/no_product_coord: [[1.0, u'Meine Ko...
 * /error_monitor/tts_monologs/product_list/search_again: [[1.0, 'Willst du...
 * /error_monitor/tts_monologs/product_list/show_stehle: [[1.0, 'Auf dem M...
 * /error_monitor/tts_monologs/product_search/currect_understood: [[1.0, 'Habe ich ...
 * /error_monitor/tts_monologs/product_search/nav_to_department: [[1.0, 'Darf ich ...
 * /error_monitor/tts_monologs/product_search/no_search_result: [[1.0, 'Ich konnt...
 * /error_monitor/tts_monologs/product_search/no_voice_recognition: [[1.0, 'Leider ve...
 * /error_monitor/tts_monologs/product_search/search_again: [[1.0, 'Wollen wi...
 * /error_monitor/tts_monologs/product_search/show_list: [[1.0, 'Darf ich ...
 * /error_monitor/tts_monologs/product_search/which_product: [[1.0, 'Welches P...
 * /error_monitor/tts_monologs/service/info: [[1.0, 'Soll ich ...
 * /error_monitor/tts_monologs/service/online_pickup: [[1.0, 'Soll ich ...
 * /error_monitor/tts_monologs/service/repair: [[1.0, 'Soll ich ...
 * /error_monitor/tts_monologs/service/wc: [[1.0, 'Soll ich ...
 * /error_monitor/tts_monologs/staff_search/authenticated: [[1.0, u'Ich mach...
 * /error_monitor/tts_monologs/staff_search/call_college: [[1.0, 'Ok. Ich r...
 * /error_monitor/tts_monologs/staff_search/call_message_poi: [[1.0, 'Hallo, hi...
 * /error_monitor/tts_monologs/staff_search/call_message_poi_product: [[1.0, 'Hallo, hi...
 * /error_monitor/tts_monologs/staff_search/call_message_product: [[1.0, 'Hallo, hi...
 * /error_monitor/tts_monologs/staff_search/call_monologs: [[1.0, 'Da sollte...
 * /error_monitor/tts_monologs/staff_search/fail: [[1.0, u'Leider s...
 * /error_monitor/tts_monologs/staff_search/monologs: [[1.0, u'Sch\xf6n...
 * /error_monitor/tts_monologs/staff_search/staff_comming: [[1.0, 'Mein Koll...
 * /error_monitor/tts_monologs/voice_error/asr: [[1.0, 'Ich konnt...
 * /error_monitor/tts_monologs/voice_error/no_leading_silence: [[1.0, 'Hoppla, n...
 * /error_monitor/tts_monologs/voice_error/no_match: [[1.0, 'Ich konnt...
 * /error_monitor/tts_monologs/voice_error/no_network: [[1.0, 'Oh, ich h...
 * /error_monitor/tts_monologs/voice_error/no_signal: [[1.0, u'Aa, ich ...
 * /error_monitor/tts_monologs/voice_error/no_speech: [[1.0, 'Ich konnt...
 * /error_monitor/tts_monologs/voice_error/noisy_environment: [[1.0, u'Bitte ko...
 * /error_monitor/tts_monologs/voice_error/signal_overload: [[1.0, 'Das war l...
 * /error_monitor/tts_monologs/voice_error/signal_too_quiet: [[1.0, 'Ich konnt...
 * /error_monitor/tts_monologs/voice_error/unknown: [[1.0, 'Aa, ein u...
 * /error_monitor/tts_sentences/idle/monologs: [[1.0, 'Test-Test...
 * /error_monitor/tts_sentences/locations/apple/area: [1.5, -2.3, 1.0]
 * /error_monitor/tts_sentences/locations/apple/monologs: [[1.0, 'Apple Are...
 * /error_monitor/tts_sentences/locations/gang/area: [-7.5, -3.36, 1.0]
 * /error_monitor/tts_sentences/locations/gang/monologs: [[1.0, 'Gang Area...
 * /error_monitor/tts_sentences/locations/handy/area: [4.6, -2.25, 1.0]
 * /error_monitor/tts_sentences/locations/handy/monologs: [[1.0, 'Handy Are...
 * /error_monitor/tts_sentences/locations/werkstatt/area: [-3.35, -3.68, 0.5]
 * /error_monitor/tts_sentences/locations/werkstatt/monologs: [[1.0, 'Werkstatt...
 * /error_monitor/tts_sentences/navigation/monologs: [[1.0, u'Heute fa...
 * /hz_monitor_head_cam/diagnostics_name: head_cam
 * /hz_monitor_head_cam/hz: 50
 * /hz_monitor_head_cam/hzerror: 50
 * /hz_monitor_head_cam/topics: ['/head_cam/camer...
 * /hz_monitor_linphone/diagnostics_name: linphone
 * /hz_monitor_linphone/hz: 5
 * /hz_monitor_linphone/hzerror: 1
 * /hz_monitor_linphone/topics: ['/linphone_ros/p...
 * /hz_monitor_navigation/diagnostics_name: navigation
 * /hz_monitor_navigation/hz: 5
 * /hz_monitor_navigation/hzerror: 1
 * /hz_monitor_navigation/topics: ['/move_base/stat...
 * /hz_monitor_search/diagnostics_name: search
 * /hz_monitor_search/hz: 5
 * /hz_monitor_search/hzerror: 1
 * /hz_monitor_search/topics: ['/search/status']
 * /hz_monitor_sensor_processing/diagnostics_name: sensor_processing
 * /hz_monitor_sensor_processing/hz: 50
 * /hz_monitor_sensor_processing/hzerror: 50
 * /hz_monitor_sensor_processing/topics: ['/torso_cam3d_le...
 * /hz_monitor_sensorring_cam3d/diagnostics_name: sensorring_cam3d
 * /hz_monitor_sensorring_cam3d/hz: 50
 * /hz_monitor_sensorring_cam3d/hzerror: 50
 * /hz_monitor_sensorring_cam3d/topics: ['/sensorring_cam...
 * /hz_monitor_state_machine/diagnostics_name: state_machine
 * /hz_monitor_state_machine/hz: 5
 * /hz_monitor_state_machine/hzerror: 1
 * /hz_monitor_state_machine/topics: ['/state_machine/...
 * /hz_monitor_torso_cam3d_down/diagnostics_name: torso_cam3d_down
 * /hz_monitor_torso_cam3d_down/hz: 50
 * /hz_monitor_torso_cam3d_down/hzerror: 50
 * /hz_monitor_torso_cam3d_down/topics: ['/torso_cam3d_do...
 * /hz_monitor_torso_cam3d_left/diagnostics_name: torso_cam3d_left
 * /hz_monitor_torso_cam3d_left/hz: 50
 * /hz_monitor_torso_cam3d_left/hzerror: 50
 * /hz_monitor_torso_cam3d_left/topics: ['/torso_cam3d_le...
 * /hz_monitor_torso_cam3d_right/diagnostics_name: torso_cam3d_right
 * /hz_monitor_torso_cam3d_right/hz: 50
 * /hz_monitor_torso_cam3d_right/hzerror: 50
 * /hz_monitor_torso_cam3d_right/topics: ['/torso_cam3d_ri...
 * /hz_monitor_voice_control/diagnostics_name: voice_control
 * /hz_monitor_voice_control/hz: 5
 * /hz_monitor_voice_control/hzerror: 1
 * /hz_monitor_voice_control/topics: ['/say/status', '...
 * /image_flip_head_cam/image_flip_head_cam/display_warnings: True
 * /image_flip_head_cam/image_flip_head_cam/flip_color_image: True
 * /image_flip_head_cam/image_flip_head_cam/flip_pointcloud: False
 * /image_flip_head_cam/image_flip_head_cam/reference_frame: base_link
 * /image_flip_head_cam/image_flip_head_cam/rotation_angle: 270
 * /image_flip_head_cam/image_flip_head_cam/rotation_mode: 1
 * /image_flip_sensorring_cam3d/image_flip_sensorring_cam3d_nodelet/display_warnings: False
 * /image_flip_sensorring_cam3d/image_flip_sensorring_cam3d_nodelet/flip_color_image: True
 * /image_flip_sensorring_cam3d/image_flip_sensorring_cam3d_nodelet/flip_pointcloud: True
 * /image_flip_sensorring_cam3d/image_flip_sensorring_cam3d_nodelet/reference_frame: base_link
 * /image_flip_sensorring_cam3d/image_flip_sensorring_cam3d_nodelet/rotation_angle: 0
 * /image_flip_sensorring_cam3d/image_flip_sensorring_cam3d_nodelet/rotation_mode: 1
 * /image_flip_torso_cam3d_down/image_flip_torso_cam3d_down_nodelet/display_warnings: False
 * /image_flip_torso_cam3d_down/image_flip_torso_cam3d_down_nodelet/flip_color_image: True
 * /image_flip_torso_cam3d_down/image_flip_torso_cam3d_down_nodelet/flip_pointcloud: True
 * /image_flip_torso_cam3d_down/image_flip_torso_cam3d_down_nodelet/reference_frame: base_link
 * /image_flip_torso_cam3d_down/image_flip_torso_cam3d_down_nodelet/rotation_angle: 0
 * /image_flip_torso_cam3d_down/image_flip_torso_cam3d_down_nodelet/rotation_mode: 1
 * /image_flip_torso_cam3d_left/image_flip_torso_cam3d_left_nodelet/display_warnings: False
 * /image_flip_torso_cam3d_left/image_flip_torso_cam3d_left_nodelet/flip_color_image: True
 * /image_flip_torso_cam3d_left/image_flip_torso_cam3d_left_nodelet/flip_pointcloud: True
 * /image_flip_torso_cam3d_left/image_flip_torso_cam3d_left_nodelet/reference_frame: base_link
 * /image_flip_torso_cam3d_left/image_flip_torso_cam3d_left_nodelet/rotation_angle: 0
 * /image_flip_torso_cam3d_left/image_flip_torso_cam3d_left_nodelet/rotation_mode: 1
 * /image_flip_torso_cam3d_right/image_flip_torso_cam3d_right_nodelet/display_warnings: False
 * /image_flip_torso_cam3d_right/image_flip_torso_cam3d_right_nodelet/flip_color_image: True
 * /image_flip_torso_cam3d_right/image_flip_torso_cam3d_right_nodelet/flip_pointcloud: True
 * /image_flip_torso_cam3d_right/image_flip_torso_cam3d_right_nodelet/reference_frame: base_link
 * /image_flip_torso_cam3d_right/image_flip_torso_cam3d_right_nodelet/rotation_angle: 0
 * /image_flip_torso_cam3d_right/image_flip_torso_cam3d_right_nodelet/rotation_mode: 1
 * /ipa_loc_feature_association_node/bEnableSampling: False
 * /ipa_loc_feature_association_node/bEnableVisualization: True
 * /ipa_loc_feature_association_node/bEvaluateIDAssociationByMahaDist: False
 * /ipa_loc_feature_association_node/bFilterLines: True
 * /ipa_loc_feature_association_node/bFilterPoints: False
 * /ipa_loc_feature_association_node/bFilterPoses: True
 * /ipa_loc_feature_association_node/bGlobalNearestNeighborSearchLines: False
 * /ipa_loc_feature_association_node/bGlobalNearestNeighborSearchPoints: True
 * /ipa_loc_feature_association_node/bGlobalNearestNeighborSearchPoses: True
 * /ipa_loc_feature_association_node/dAssLineDistOverlap: 0.05
 * /ipa_loc_feature_association_node/dAssLineMaxAng: 0.3
 * /ipa_loc_feature_association_node/dAssLineMaxDist: 0.5
 * /ipa_loc_feature_association_node/dAssLineWeightAng: 2.0
 * /ipa_loc_feature_association_node/dAssLineWeightDist: 5.0
 * /ipa_loc_feature_association_node/dAssLineWeigthOverlap: 0.3
 * /ipa_loc_feature_association_node/dMaxAngularSensorRange: 270
 * /ipa_loc_feature_association_node/dMaxDistanceSensorRange: 8.0
 * /ipa_loc_feature_association_node/dMaxMahaDistLine: 7.0
 * /ipa_loc_feature_association_node/dMaxMahaDistPoint: 5.0
 * /ipa_loc_feature_association_node/dMaxMahaDistPose: 2.0
 * /ipa_loc_feature_association_node/dMaxSamplingRangeTheta: 0.52
 * /ipa_loc_feature_association_node/dMaxSamplingRangeX: 0.4
 * /ipa_loc_feature_association_node/dMaxSamplingRangeY: 0.4
 * /ipa_loc_feature_association_node/feature_map_buffer_size: 6
 * /ipa_loc_feature_association_node/feature_meas_buffer_size: 3
 * /ipa_loc_feature_association_node/iSamplePointsTheta: 5
 * /ipa_loc_feature_association_node/iSamplePointsX: 5
 * /ipa_loc_feature_association_node/iSamplePointsY: 5
 * /ipa_loc_feature_fusion_ekf_node/bEnableLines: True
 * /ipa_loc_feature_fusion_ekf_node/bEnableMeasUpdate: True
 * /ipa_loc_feature_fusion_ekf_node/bEnablePoints: True
 * /ipa_loc_feature_fusion_ekf_node/bEnablePoses: True
 * /ipa_loc_feature_fusion_ekf_node/bEnableVisualization: True
 * /ipa_loc_feature_fusion_ekf_node/bUseAssociationConfidences: False
 * /ipa_loc_feature_fusion_ekf_node/dMaxOdomDeltaDist: 0.2
 * /ipa_loc_feature_fusion_ekf_node/dMaxOdomDeltaRot: 0.2
 * /ipa_loc_feature_fusion_ekf_node/dMaxOdomLookupDelay: 0.2
 * /ipa_loc_feature_fusion_ekf_node/dMaxOdomdT: 2.0
 * /ipa_loc_feature_fusion_ekf_node/dMinCovRot: 0.001
 * /ipa_loc_feature_fusion_ekf_node/dMinCovRotStandStill: 0.002
 * /ipa_loc_feature_fusion_ekf_node/dMinCovTrans: 0.0025
 * /ipa_loc_feature_fusion_ekf_node/dMinCovTransStandStill: 0.005
 * /ipa_loc_feature_fusion_ekf_node/dQaaPerRad: 0.009
 * /ipa_loc_feature_fusion_ekf_node/dQaxyPerM: 0.0
 * /ipa_loc_feature_fusion_ekf_node/dQxxPerM: 0.005
 * /ipa_loc_feature_fusion_ekf_node/dQxyaPerRad: 0.0
 * /ipa_loc_feature_fusion_ekf_node/dQyyPerM: 0.005
 * /ipa_loc_feature_fusion_ekf_node/dThresOverallConfidenceLine: 0.0
 * /ipa_loc_feature_fusion_ekf_node/dThresOverallConfidencePoint: 0.0
 * /ipa_loc_feature_fusion_ekf_node/dThresOverallConfidencePose: 0.0
 * /ipa_loc_feature_map_server/bEnableVisualization: True
 * /ipa_loc_feature_map_server/line_map_folder: /home/flg-ma/git/...
 * /ipa_loc_feature_map_server/point_map_folder: /home/flg-ma/git/...
 * /ipa_loc_feature_map_server/pose_map_folder: /home/flg-ma/git/...
 * /ipa_loc_feature_source_laser_node/MaxCovOrth: 0.01
 * /ipa_loc_feature_source_laser_node/MaxDistPointToLineSeg: 0.04
 * /ipa_loc_feature_source_laser_node/MaxGapRatio: 0.5
 * /ipa_loc_feature_source_laser_node/MaxMergeAngle: 8
 * /ipa_loc_feature_source_laser_node/MaxMergeOrthoDist: 0.1
 * /ipa_loc_feature_source_laser_node/MaxScanRange: 100.0
 * /ipa_loc_feature_source_laser_node/MaxSqDistInSeg: 0.04
 * /ipa_loc_feature_source_laser_node/MaxSqSegLen: 400.0
 * /ipa_loc_feature_source_laser_node/MinAngleTrusted: 10
 * /ipa_loc_feature_source_laser_node/MinNumPointInSeg: 10
 * /ipa_loc_feature_source_laser_node/MinSqSegLen: 1.5
 * /ipa_loc_feature_source_laser_node/bCircleDetect: False
 * /ipa_loc_feature_source_laser_node/bCornerDetect: True
 * /ipa_loc_feature_source_laser_node/bEnableVisualization: True
 * /ipa_loc_feature_source_laser_node/bLineDetect: True
 * /ipa_loc_feature_source_laser_node/bReflMarkerDetect: True
 * /ipa_loc_feature_source_laser_node/bUseDefaultCovariances: True
 * /ipa_loc_feature_source_laser_node/bUseSplitAndMerge: True
 * /ipa_loc_feature_source_laser_node/bUseTwoPointDifferentiation: False
 * /ipa_loc_feature_source_laser_node/dDifferentiationDelta: 0.02
 * /ipa_loc_feature_source_laser_node/dMaxCornerAngle: 100
 * /ipa_loc_feature_source_laser_node/dMaxCornerDist: 0.2
 * /ipa_loc_feature_source_laser_node/dMaxDist: 0.01
 * /ipa_loc_feature_source_laser_node/dMaxRadius: 0.3
 * /ipa_loc_feature_source_laser_node/dMaxVar: 0.001
 * /ipa_loc_feature_source_laser_node/dMinCornerAngle: 80
 * /ipa_loc_feature_source_laser_node/dMinCornerSegLen1: 0.1
 * /ipa_loc_feature_source_laser_node/dMinCornerSegLen2: 0.2
 * /ipa_loc_feature_source_laser_node/dMinDist: 0
 * /ipa_loc_feature_source_laser_node/dMinOpeningAngle: 30
 * /ipa_loc_feature_source_laser_node/dMinRadius: 0.1
 * /ipa_loc_feature_source_laser_node/dReflMarkerMaxIntensity: 10000.0
 * /ipa_loc_feature_source_laser_node/dReflMarkerMinIntensity: 250.0
 * /ipa_loc_feature_source_laser_node/dReflMarkerRadius: 0.024749
 * /ipa_loc_feature_source_laser_node/dSigmaAngle: 0.0001
 * /ipa_loc_feature_source_laser_node/dSigmaRange: 0.02
 * /ipa_loc_feature_source_laser_node/input_scans: ['/base_laser_fro...
 * /ipa_loc_feature_source_laser_node/nGuesses: 1
 * /ipa_loc_feature_source_laser_node/nMinHits: 25
 * /ipa_loc_feature_source_laser_node/nMinReflectiveHits: 1
 * /ipa_loc_feature_source_laser_node/scan_buffer_size: 3
 * /joint_state_publisher/rate: 100
 * /joint_state_publisher/source_list: ['/base/joint_sta...
 * /laser_filter/scan_filter_chain: [{'type': 'LaserS...
 * /laserscan_zone_filter/filter_zone0: [[0.38, 0.0], [0....
 * /laserscan_zone_filter/filter_zones_frames: ['base_link']
 * /laserscan_zone_filter/number_of_filter_zones: 1
 * /light_base/baudrate: 38400
 * /light_base/devicedriver: stageprofi
 * /light_base/devicestring: /dev/ttyLED
 * /light_base/invert_output: False
 * /light_base/marker_frame: /torso_base_link
 * /light_base/num_leds: 3
 * /light_base/pubmarker: True
 * /light_base/sim_enabled: True
 * /light_base/startup_color: [0.0, 1.0, 0.5, 0.4]
 * /light_base/startup_mode: Static
 * /light_torso/baudrate: 38400
 * /light_torso/devicedriver: stageprofi
 * /light_torso/devicestring: /dev/ttyLED
 * /light_torso/invert_output: False
 * /light_torso/led_offset: 6
 * /light_torso/marker_frame: /torso_center_link
 * /light_torso/num_leds: 72
 * /light_torso/pubmarker: True
 * /light_torso/sim_enabled: True
 * /light_torso/startup_color: [0.0, 1.0, 0.5, 0.4]
 * /light_torso/startup_mode: Breath
 * /linphone_ros/identity: sip:2389012e0@sip...
 * /linphone_ros/password: ZS6a48kKAGMp
 * /localization/feature_sources: [{'laserline': {'...
 * /move_base/IPAEBandPlannerROS/allow_global_replanning: False
 * /move_base/IPAEBandPlannerROS/allow_rotation_in_place: True
 * /move_base/IPAEBandPlannerROS/carlike: False
 * /move_base/IPAEBandPlannerROS/catch_moving_goal: False
 * /move_base/IPAEBandPlannerROS/center_ax_dist: 0.228
 * /move_base/IPAEBandPlannerROS/costmap_parameter_source: /local_costmap_no...
 * /move_base/IPAEBandPlannerROS/ctrl_rate: 10.0
 * /move_base/IPAEBandPlannerROS/drive_residual_band: True
 * /move_base/IPAEBandPlannerROS/eband_equilibrium_approx_max_recursion_depth: 4
 * /move_base/IPAEBandPlannerROS/eband_equilibrium_relative_overshoot: 0.75
 * /move_base/IPAEBandPlannerROS/eband_external_force_gain: 2.0
 * /move_base/IPAEBandPlannerROS/eband_external_force_near_obtacle_gain: 2.0
 * /move_base/IPAEBandPlannerROS/eband_internal_force_gain: 1.0
 * /move_base/IPAEBandPlannerROS/eband_min_relative_bubble_overlap: 0.7
 * /move_base/IPAEBandPlannerROS/eband_significant_force_lower_bound: 0.15
 * /move_base/IPAEBandPlannerROS/eband_tiny_bubble_distance: 0.01
 * /move_base/IPAEBandPlannerROS/eband_tiny_bubble_expansion: 0.01
 * /move_base/IPAEBandPlannerROS/eband_turning_circle_force_gain: 1.5
 * /move_base/IPAEBandPlannerROS/fill_tolerance: 0.3
 * /move_base/IPAEBandPlannerROS/force_rotate_in_place_angular_thresh: 0.5
 * /move_base/IPAEBandPlannerROS/force_rotate_in_place_expansion_thresh: 0.2
 * /move_base/IPAEBandPlannerROS/force_tangential_orientation: True
 * /move_base/IPAEBandPlannerROS/in_place_trans_vel: 0.0
 * /move_base/IPAEBandPlannerROS/influence_radius: 1.5
 * /move_base/IPAEBandPlannerROS/k_damp: 3.5
 * /move_base/IPAEBandPlannerROS/k_prop: 4.0
 * /move_base/IPAEBandPlannerROS/marker_lifetime: 0.5
 * /move_base/IPAEBandPlannerROS/max_rotational_acceleration: 0.2
 * /move_base/IPAEBandPlannerROS/max_steering_angle: 0.7
 * /move_base/IPAEBandPlannerROS/max_translational_acceleration: 0.4
 * /move_base/IPAEBandPlannerROS/max_vel_lin: 1.0
 * /move_base/IPAEBandPlannerROS/max_vel_th: 0.5
 * /move_base/IPAEBandPlannerROS/min_dist_to_last_feasible_bubble: 1.0
 * /move_base/IPAEBandPlannerROS/min_in_place_vel_th: 0.0
 * /move_base/IPAEBandPlannerROS/min_vel_lin: 0.1
 * /move_base/IPAEBandPlannerROS/min_vel_th: 0.0
 * /move_base/IPAEBandPlannerROS/moving_goal_dist_lower_thresh: 0.01
 * /move_base/IPAEBandPlannerROS/moving_goal_dist_upper_thresh: 0.2
 * /move_base/IPAEBandPlannerROS/moving_goal_vel_increase_factor: 1.2
 * /move_base/IPAEBandPlannerROS/num_iterations_eband_optimization: 3
 * /move_base/IPAEBandPlannerROS/number_of_bubbles: 1
 * /move_base/IPAEBandPlannerROS/orientation_in_driving_direction: False
 * /move_base/IPAEBandPlannerROS/reach_for_soft_goal: True
 * /move_base/IPAEBandPlannerROS/remove_tolerance: 0.8
 * /move_base/IPAEBandPlannerROS/rotation_correction_threshold: 0.5
 * /move_base/IPAEBandPlannerROS/rotational_goal_tolerance: 0.15
 * /move_base/IPAEBandPlannerROS/scaled_radius_factor: 4.0
 * /move_base/IPAEBandPlannerROS/smoothing_enabled: True
 * /move_base/IPAEBandPlannerROS/soft_goal_wait_threshold: 30
 * /move_base/IPAEBandPlannerROS/soft_translational_goal_tolerance: 3.0
 * /move_base/IPAEBandPlannerROS/start_smoothing_border: 10
 * /move_base/IPAEBandPlannerROS/stop_smoothing_dist_to_goal: 0.1
 * /move_base/IPAEBandPlannerROS/stop_threshold: 0.18
 * /move_base/IPAEBandPlannerROS/translational_goal_tolerance: 0.1
 * /move_base/IPAEBandPlannerROS/trjFlag: False
 * /move_base/IPAEBandPlannerROS/trjFollowingMeasure: 0.75
 * /move_base/IPAEBandPlannerROS/trjOrientation: False
 * /move_base/IPAEBandPlannerROS/trjTollerance: 0.01
 * /move_base/IPAEBandPlannerROS/use_local_replanning: True
 * /move_base/IPAEBandPlannerROS/virtual_mass: 0.75
 * /move_base/IPAEBandPlannerROS/wait_for_recovery: True
 * /move_base/PathSegmentPlanner/allow_backup_free_planning: False
 * /move_base/PathSegmentPlanner/allow_free_planning_within_dist_threshold: True
 * /move_base/PathSegmentPlanner/distance_of_path_segment_access_points: 1.5
 * /move_base/PathSegmentPlanner/free_planning_dist_threshold: 5.0
 * /move_base/PathSegmentPlanner/max_ps_width_cost_increase_factor: 3.0
 * /move_base/PathSegmentPlanner/max_ps_width_threshhold: 3.0
 * /move_base/PathSegmentPlanner/min_ps_width_threshhold: 0.6
 * /move_base/PathSegmentPlanner/non_path_segment_cost_increase_factor: 30.0
 * /move_base/PathSegmentPlanner/number_of_considered_path_segments: 6
 * /move_base/aggressive_reset/reset_distance: 0.01
 * /move_base/base_global_planner: path_segment_plan...
 * /move_base/base_local_planner: ipa_eband_planner...
 * /move_base/clearing_rotation_allowed: True
 * /move_base/conservative_reset_dist: 3.0
 * /move_base/controller_frequency: 25.0
 * /move_base/controller_patience: 10.0
 * /move_base/global_costmap/footprint: [[0.48, 0.48], [-...
 * /move_base/global_costmap/global_frame: map
 * /move_base/global_costmap/inflation_layer/cost_scaling_factor: 6.92
 * /move_base/global_costmap/inflation_layer/inflation_radius: 0.8
 * /move_base/global_costmap/obstacle_layer/enabled: False
 * /move_base/global_costmap/obstacle_layer/laser_scan_front/clearing: True
 * /move_base/global_costmap/obstacle_layer/laser_scan_front/data_type: LaserScan
 * /move_base/global_costmap/obstacle_layer/laser_scan_front/marking: True
 * /move_base/global_costmap/obstacle_layer/laser_scan_front/sensor_frame: base_laser_front_...
 * /move_base/global_costmap/obstacle_layer/laser_scan_front/topic: /base_laser_front...
 * /move_base/global_costmap/obstacle_layer/laser_scan_left/clearing: True
 * /move_base/global_costmap/obstacle_layer/laser_scan_left/data_type: LaserScan
 * /move_base/global_costmap/obstacle_layer/laser_scan_left/marking: True
 * /move_base/global_costmap/obstacle_layer/laser_scan_left/sensor_frame: base_laser_left_link
 * /move_base/global_costmap/obstacle_layer/laser_scan_left/topic: /base_laser_left/...
 * /move_base/global_costmap/obstacle_layer/laser_scan_right/clearing: True
 * /move_base/global_costmap/obstacle_layer/laser_scan_right/data_type: LaserScan
 * /move_base/global_costmap/obstacle_layer/laser_scan_right/marking: True
 * /move_base/global_costmap/obstacle_layer/laser_scan_right/sensor_frame: base_laser_right_...
 * /move_base/global_costmap/obstacle_layer/laser_scan_right/topic: /base_laser_right...
 * /move_base/global_costmap/obstacle_layer/mark_threshold: 0
 * /move_base/global_costmap/obstacle_layer/observation_sources: laser_scan_front ...
 * /move_base/global_costmap/obstacle_layer/obstacle_range: 5.0
 * /move_base/global_costmap/obstacle_layer/origin_z: 0.0
 * /move_base/global_costmap/obstacle_layer/raytrace_range: 5.0
 * /move_base/global_costmap/obstacle_layer/unknown_threshold: 8
 * /move_base/global_costmap/obstacle_layer/z_resolution: 0.1125
 * /move_base/global_costmap/obstacle_layer/z_voxels: 16
 * /move_base/global_costmap/obstacle_layer_2/enabled: False
 * /move_base/global_costmap/obstacle_layer_2/mark_threshold: 0
 * /move_base/global_costmap/obstacle_layer_2/observation_sources: torso_cam3d_left ...
 * /move_base/global_costmap/obstacle_layer_2/obstacle_range: 2.0
 * /move_base/global_costmap/obstacle_layer_2/origin_z: 0.0
 * /move_base/global_costmap/obstacle_layer_2/raytrace_range: 3.0
 * /move_base/global_costmap/obstacle_layer_2/torso_cam3d_left/clearing: True
 * /move_base/global_costmap/obstacle_layer_2/torso_cam3d_left/data_type: LaserScan
 * /move_base/global_costmap/obstacle_layer_2/torso_cam3d_left/marking: True
 * /move_base/global_costmap/obstacle_layer_2/torso_cam3d_left/sensor_frame: base_link
 * /move_base/global_costmap/obstacle_layer_2/torso_cam3d_left/topic: /torso_cam3d_left...
 * /move_base/global_costmap/obstacle_layer_2/torso_cam3d_right/clearing: True
 * /move_base/global_costmap/obstacle_layer_2/torso_cam3d_right/data_type: LaserScan
 * /move_base/global_costmap/obstacle_layer_2/torso_cam3d_right/marking: True
 * /move_base/global_costmap/obstacle_layer_2/torso_cam3d_right/sensor_frame: base_link
 * /move_base/global_costmap/obstacle_layer_2/torso_cam3d_right/topic: /torso_cam3d_righ...
 * /move_base/global_costmap/obstacle_layer_2/unknown_threshold: 8
 * /move_base/global_costmap/obstacle_layer_2/z_resolution: 0.1125
 * /move_base/global_costmap/obstacle_layer_2/z_voxels: 16
 * /move_base/global_costmap/plugins: [{'type': 'costma...
 * /move_base/global_costmap/publish_frequency: 0.2
 * /move_base/global_costmap/robot_base_frame: base_footprint
 * /move_base/global_costmap/rolling_window: False
 * /move_base/global_costmap/static_layer/lethal_cost_threshold: 100
 * /move_base/global_costmap/static_layer/map_topic: map
 * /move_base/global_costmap/static_layer/unknown_cost_value: 0
 * /move_base/global_costmap/static_map: True
 * /move_base/global_costmap/transform_tolerance: 0.4
 * /move_base/global_costmap/update_frequency: 5.0
 * /move_base/global_costmap/virtual_obstacle_layer/enabled: True
 * /move_base/global_costmap/virtual_obstacle_layer/polygon_file_address: /home/flg-ma/git/...
 * /move_base/local_costmap/footprint: [[0.39, 0.39], [-...
 * /move_base/local_costmap/global_frame: map
 * /move_base/local_costmap/height: 6.0
 * /move_base/local_costmap/inflation_layer/cost_scaling_factor: 6.92
 * /move_base/local_costmap/inflation_layer/inflation_radius: 0.8
 * /move_base/local_costmap/obstacle_layer/footprint_clearing_enabled: False
 * /move_base/local_costmap/obstacle_layer/laser_scan_combined/clearing: True
 * /move_base/local_costmap/obstacle_layer/laser_scan_combined/data_type: LaserScan
 * /move_base/local_costmap/obstacle_layer/laser_scan_combined/marking: True
 * /move_base/local_costmap/obstacle_layer/laser_scan_combined/sensor_frame: base_link
 * /move_base/local_costmap/obstacle_layer/laser_scan_combined/topic: /costmap_scan_fil...
 * /move_base/local_costmap/obstacle_layer/mark_threshold: 0
 * /move_base/local_costmap/obstacle_layer/observation_sources: laser_scan_combined
 * /move_base/local_costmap/obstacle_layer/obstacle_range: 15.0
 * /move_base/local_costmap/obstacle_layer/origin_z: 0.0
 * /move_base/local_costmap/obstacle_layer/raytrace_range: 15.0
 * /move_base/local_costmap/obstacle_layer/unknown_threshold: 8
 * /move_base/local_costmap/obstacle_layer/z_resolution: 0.1125
 * /move_base/local_costmap/obstacle_layer/z_voxels: 16
 * /move_base/local_costmap/obstacle_layer_2/mark_threshold: 0
 * /move_base/local_costmap/obstacle_layer_2/observation_sources: torso_cam3d_left ...
 * /move_base/local_costmap/obstacle_layer_2/obstacle_range: 4.0
 * /move_base/local_costmap/obstacle_layer_2/origin_z: 0.0
 * /move_base/local_costmap/obstacle_layer_2/raytrace_range: 5.0
 * /move_base/local_costmap/obstacle_layer_2/torso_cam3d_left/clearing: True
 * /move_base/local_costmap/obstacle_layer_2/torso_cam3d_left/data_type: LaserScan
 * /move_base/local_costmap/obstacle_layer_2/torso_cam3d_left/marking: True
 * /move_base/local_costmap/obstacle_layer_2/torso_cam3d_left/sensor_frame: base_link
 * /move_base/local_costmap/obstacle_layer_2/torso_cam3d_left/topic: /torso_cam3d_left...
 * /move_base/local_costmap/obstacle_layer_2/torso_cam3d_right/clearing: True
 * /move_base/local_costmap/obstacle_layer_2/torso_cam3d_right/data_type: LaserScan
 * /move_base/local_costmap/obstacle_layer_2/torso_cam3d_right/marking: True
 * /move_base/local_costmap/obstacle_layer_2/torso_cam3d_right/sensor_frame: base_link
 * /move_base/local_costmap/obstacle_layer_2/torso_cam3d_right/topic: /torso_cam3d_righ...
 * /move_base/local_costmap/obstacle_layer_2/unknown_threshold: 8
 * /move_base/local_costmap/obstacle_layer_2/z_resolution: 0.1125
 * /move_base/local_costmap/obstacle_layer_2/z_voxels: 16
 * /move_base/local_costmap/obstacle_layer_3/mark_threshold: 0
 * /move_base/local_costmap/obstacle_layer_3/observation_sources: torso_cam3d_down
 * /move_base/local_costmap/obstacle_layer_3/obstacle_range: 4.0
 * /move_base/local_costmap/obstacle_layer_3/origin_z: 0.0
 * /move_base/local_costmap/obstacle_layer_3/raytrace_range: 5.0
 * /move_base/local_costmap/obstacle_layer_3/torso_cam3d_down/clearing: True
 * /move_base/local_costmap/obstacle_layer_3/torso_cam3d_down/data_type: LaserScan
 * /move_base/local_costmap/obstacle_layer_3/torso_cam3d_down/marking: True
 * /move_base/local_costmap/obstacle_layer_3/torso_cam3d_down/sensor_frame: base_link
 * /move_base/local_costmap/obstacle_layer_3/torso_cam3d_down/topic: /torso_cam3d_down...
 * /move_base/local_costmap/obstacle_layer_3/unknown_threshold: 8
 * /move_base/local_costmap/obstacle_layer_3/z_resolution: 0.1125
 * /move_base/local_costmap/obstacle_layer_3/z_voxels: 16
 * /move_base/local_costmap/origin_x: 0.0
 * /move_base/local_costmap/origin_y: 0.0
 * /move_base/local_costmap/plugins: [{'type': 'costma...
 * /move_base/local_costmap/publish_frequency: 10.0
 * /move_base/local_costmap/resolution: 0.025
 * /move_base/local_costmap/robot_base_frame: base_footprint
 * /move_base/local_costmap/rolling_window: True
 * /move_base/local_costmap/static_layer/lethal_cost_threshold: 100
 * /move_base/local_costmap/static_layer/map_topic: map
 * /move_base/local_costmap/static_layer/unknown_cost_value: 0
 * /move_base/local_costmap/static_map: False
 * /move_base/local_costmap/transform_tolerance: 0.4
 * /move_base/local_costmap/update_frequency: 10.0
 * /move_base/local_costmap/virtual_obstacle_layer/enabled: True
 * /move_base/local_costmap/virtual_obstacle_layer/polygon_file_address: /home/flg-ma/git/...
 * /move_base/local_costmap/width: 6.0
 * /move_base/oscillation_distance: 0.5
 * /move_base/oscillation_timeout: 0.0
 * /move_base/planner_frequency: 0.0
 * /move_base/planner_patience: 5.0
 * /move_base/recovery_behavior_enabled: True
 * /move_base/recovery_behaviors: [{'type': 'rotate...
 * /move_base/shutdown_costmaps: False
 * /move_base_linear/global_frame: base_link
 * /move_base_linear/goal_abortion_time: 5.0
 * /move_base_linear/goal_threshold: 0.03
 * /move_base_linear/goal_threshold_rot: 0.08
 * /move_base_linear/kp: 3.0
 * /move_base_linear/kp_rot: 2.0
 * /move_base_linear/kv: 2.5
 * /move_base_linear/kv_rot: 2.0
 * /move_base_linear/robot_frame: base_link
 * /move_base_linear/slow_down_distance: 0.5
 * /move_base_linear/speed_threshold: 0.01
 * /move_base_linear/speed_threshold_rot: 0.01
 * /move_base_linear/virt_mass: 0.5
 * /move_base_linear/virt_mass_rot: 0.5
 * /move_base_linear/vmax: 0.1
 * /move_base_linear/vtheta_max: 0.3
 * /msh_android/android_script_server/control_buttons/group10/buttons: [['recover', 'rec...
 * /msh_android/android_script_server/control_buttons/group10/component_name: base
 * /msh_android/android_script_server/control_buttons/group10/group_name: base
 * /msh_android/android_script_server/control_buttons/group16/buttons: [['recover', 'rec...
 * /msh_android/android_script_server/control_buttons/group16/component_name: torso
 * /msh_android/android_script_server/control_buttons/group16/group_name: torso
 * /msh_android/android_script_server/control_buttons/group20/buttons: [['startScenario'...
 * /msh_android/android_script_server/control_buttons/group20/component_name: behavior
 * /msh_android/android_script_server/control_buttons/group20/group_name: MSH
 * /msh_android/android_script_server/nav_buttons/buttons: [['stehle', 'move...
 * /nav_state_observer/goal_active_limit: 2.5
 * /nav_state_observer/timeout_goal_active: 4.0
 * /nav_state_observer/timeout_goal_received: 4.0
 * /nav_state_observer/timeout_path_received: 2.5
 * /nav_state_observer/timeout_replanned: 2.5
 * /nav_state_observer/timeout_replanned_goal_active: 1.0
 * /nav_state_observer/timeout_replanned_goal_received: 2.0
 * /object_groups/chargers: ['station_charger']
 * /path_segment_server_node/number_interpolated_points: 100
 * /path_segment_server_node/path_segments_file_address: /home/flg-ma/git/...
 * /pcl_statistical_outlier_filter_torso_down/statoutlier/mean_k: 10
 * /pcl_statistical_outlier_filter_torso_down/statoutlier/negative: False
 * /pcl_statistical_outlier_filter_torso_down/statoutlier/stddev: 0.3
 * /people_detection_sensorring/data_storage_directory: /home/flg-ma/.ros...
 * /people_detection_sensorring/face_detector/data_directory: /home/flg-ma/git/...
 * /people_detection_sensorring/face_detector/debug: False
 * /people_detection_sensorring/face_detector/display_timing: False
 * /people_detection_sensorring/face_detector/face_size_max_m: 0.35
 * /people_detection_sensorring/face_detector/face_size_min_m: 0.1
 * /people_detection_sensorring/face_detector/faces_drop_groups: 2
 * /people_detection_sensorring/face_detector/faces_increase_search_scale: 1.2
 * /people_detection_sensorring/face_detector/faces_min_search_scale_x: 30
 * /people_detection_sensorring/face_detector/faces_min_search_scale_y: 30
 * /people_detection_sensorring/face_detector/max_face_z_m: 8.0
 * /people_detection_sensorring/face_detector/reason_about_3dface_size: True
 * /people_detection_sensorring/head_detector/data_directory: /home/flg-ma/git/...
 * /people_detection_sensorring/head_detector/depth_drop_groups: 40
 * /people_detection_sensorring/head_detector/depth_increase_search_scale: 1.2
 * /people_detection_sensorring/head_detector/depth_min_search_scale_x: 30
 * /people_detection_sensorring/head_detector/depth_min_search_scale_y: 30
 * /people_detection_sensorring/head_detector/display_timing: False
 * /people_detection_sensorring/head_detector/fill_unassigned_depth_values: True
 * /people_detection_sensorring/sensor_message_gateway/display_timing: False
 * /people_detection_sensorring/sensor_message_gateway/target_publishing_rate: 5
 * /person_of_interest_filter/person_of_interest_filter/angle_factor: 0.1
 * /person_of_interest_filter/person_of_interest_filter/distance_factor: 3.0
 * /person_of_interest_filter/person_of_interest_filter/emotion_distance_offset: -0.5
 * /person_of_interest_filter/person_of_interest_filter/max_distance: 2.0
 * /person_of_interest_filter/person_of_interest_filter/min_distance: 0.55
 * /person_of_interest_filter/person_of_interest_filter/people_distance_offset: 0.0
 * /pointcloud_to_laserscan_torso_down/pointcloud_to_laserscan/angle_increment: 0.008
 * /pointcloud_to_laserscan_torso_down/pointcloud_to_laserscan/angle_max: 0.4
 * /pointcloud_to_laserscan_torso_down/pointcloud_to_laserscan/angle_min: -0.4
 * /pointcloud_to_laserscan_torso_down/pointcloud_to_laserscan/cluster_break_distance: 0.2
 * /pointcloud_to_laserscan_torso_down/pointcloud_to_laserscan/concurrency_level: 1
 * /pointcloud_to_laserscan_torso_down/pointcloud_to_laserscan/max_height: 0.5
 * /pointcloud_to_laserscan_torso_down/pointcloud_to_laserscan/max_noise_cluster_distance: 2.5
 * /pointcloud_to_laserscan_torso_down/pointcloud_to_laserscan/max_noise_cluster_size: 5
 * /pointcloud_to_laserscan_torso_down/pointcloud_to_laserscan/min_height: 0.07
 * /pointcloud_to_laserscan_torso_down/pointcloud_to_laserscan/range_max: 10.0
 * /pointcloud_to_laserscan_torso_down/pointcloud_to_laserscan/range_min: 0.25
 * /pointcloud_to_laserscan_torso_down/pointcloud_to_laserscan/scan_time: 0.003333
 * /pointcloud_to_laserscan_torso_down/pointcloud_to_laserscan/target_frame: torso_rotated_bas...
 * /pointcloud_to_laserscan_torso_down/pointcloud_to_laserscan/transform_tolerance: 0.06
 * /pointcloud_to_laserscan_torso_down/pointcloud_to_laserscan/use_inf: False
 * /pointcloud_to_laserscan_torso_down/pointcloud_to_laserscan/use_outlier_filter: True
 * /pointcloud_to_laserscan_torso_left/pointcloud_to_laserscan/angle_increment: 0.00436
 * /pointcloud_to_laserscan_torso_left/pointcloud_to_laserscan/angle_max: 0.7
 * /pointcloud_to_laserscan_torso_left/pointcloud_to_laserscan/angle_min: 0.06
 * /pointcloud_to_laserscan_torso_left/pointcloud_to_laserscan/cluster_break_distance: 0.3
 * /pointcloud_to_laserscan_torso_left/pointcloud_to_laserscan/concurrency_level: 0
 * /pointcloud_to_laserscan_torso_left/pointcloud_to_laserscan/max_height: 1.5
 * /pointcloud_to_laserscan_torso_left/pointcloud_to_laserscan/max_noise_cluster_distance: 2.5
 * /pointcloud_to_laserscan_torso_left/pointcloud_to_laserscan/max_noise_cluster_size: 10
 * /pointcloud_to_laserscan_torso_left/pointcloud_to_laserscan/min_height: 0.12
 * /pointcloud_to_laserscan_torso_left/pointcloud_to_laserscan/range_max: 10.0
 * /pointcloud_to_laserscan_torso_left/pointcloud_to_laserscan/range_min: 0.25
 * /pointcloud_to_laserscan_torso_left/pointcloud_to_laserscan/scan_time: 0.003333
 * /pointcloud_to_laserscan_torso_left/pointcloud_to_laserscan/target_frame: torso_rotated_bas...
 * /pointcloud_to_laserscan_torso_left/pointcloud_to_laserscan/transform_tolerance: 0.05
 * /pointcloud_to_laserscan_torso_left/pointcloud_to_laserscan/use_inf: False
 * /pointcloud_to_laserscan_torso_left/pointcloud_to_laserscan/use_outlier_filter: True
 * /pointcloud_to_laserscan_torso_right/pointcloud_to_laserscan/angle_increment: 0.00436
 * /pointcloud_to_laserscan_torso_right/pointcloud_to_laserscan/angle_max: 0.0
 * /pointcloud_to_laserscan_torso_right/pointcloud_to_laserscan/angle_min: -0.7
 * /pointcloud_to_laserscan_torso_right/pointcloud_to_laserscan/cluster_break_distance: 0.3
 * /pointcloud_to_laserscan_torso_right/pointcloud_to_laserscan/concurrency_level: 0
 * /pointcloud_to_laserscan_torso_right/pointcloud_to_laserscan/max_height: 1.5
 * /pointcloud_to_laserscan_torso_right/pointcloud_to_laserscan/max_noise_cluster_distance: 2.5
 * /pointcloud_to_laserscan_torso_right/pointcloud_to_laserscan/max_noise_cluster_size: 10
 * /pointcloud_to_laserscan_torso_right/pointcloud_to_laserscan/min_height: 0.12
 * /pointcloud_to_laserscan_torso_right/pointcloud_to_laserscan/range_max: 10.0
 * /pointcloud_to_laserscan_torso_right/pointcloud_to_laserscan/range_min: 0.25
 * /pointcloud_to_laserscan_torso_right/pointcloud_to_laserscan/scan_time: 0.003333
 * /pointcloud_to_laserscan_torso_right/pointcloud_to_laserscan/target_frame: torso_rotated_bas...
 * /pointcloud_to_laserscan_torso_right/pointcloud_to_laserscan/transform_tolerance: 0.05
 * /pointcloud_to_laserscan_torso_right/pointcloud_to_laserscan/use_inf: False
 * /pointcloud_to_laserscan_torso_right/pointcloud_to_laserscan/use_outlier_filter: True
 * /robot_behaviors/blacklist_navgoals: []
 * /robot_behaviors/offers/products: [[1794129, 'eine ...
 * /robot_behaviors/phone_numbers/error: []
 * /robot_behaviors/phone_numbers/info: []
 * /robot_behaviors/phone_numbers/roboter_position: []
 * /robot_behaviors/phone_numbers/stehle: []
 * /robot_behaviors/settings/behaviors/battery/dock/max_dock_attempts: 5
 * /robot_behaviors/settings/behaviors/battery/dock/post_torso_position: left
 * /robot_behaviors/settings/behaviors/battery/dock/pre_nav_goal_position: charger
 * /robot_behaviors/settings/behaviors/battery/dock/pre_torso_position: home
 * /robot_behaviors/settings/behaviors/battery/dock/station_name: station_charger
 * /robot_behaviors/settings/behaviors/battery/undock/post_nav_goal_position: charger
 * /robot_behaviors/settings/behaviors/battery/undock/pre_torso_position: home
 * /robot_behaviors/settings/behaviors/battery/undock/station_name: station_charger
 * /robot_behaviors/settings/global/facebook_enabled: False
 * /robot_behaviors/settings/global/language: german
 * /robot_behaviors/settings/machines/greeting/check_person_near_timeout: 6.0
 * /robot_behaviors/settings/machines/greeting/check_person_timeout: 15.0
 * /robot_behaviors/settings/machines/idle/entertain_duration: 30
 * /robot_behaviors/settings/machines/idle/person_detection_initial_timeout: 5.0
 * /robot_behaviors/settings/machines/productsearch/check_person_timeout: 15.0
 * /robot_behaviors/settings/machines/staffsearch/entertain_duration: 20
 * /robot_behaviors/settings/machines/staffsearch/qr_authentication_timeout: 300
 * /robot_behaviors/settings/monitors/battmonitor/min_battery_charge: 10
 * /robot_behaviors/settings/monitors/navmonitor/monologs_duration: 30
 * /robot_behaviors/settings/states/general/base_position_checker/default_dist_threshold: 3.0
 * /robot_behaviors/settings/states/general/emotion/head_enabled: False
 * /robot_behaviors/settings/states/general/emotion/light_enabled: True
 * /robot_behaviors/settings/states/general/emotion/mimic_enabled: True
 * /robot_behaviors/settings/states/general/emotion/torso_enabled: True
 * /robot_behaviors/settings/states/general/entertain/audio_genre: default
 * /robot_behaviors/settings/states/general/entertain/default_entertain_duration: 30
 * /robot_behaviors/settings/states/general/error/error_call_resolve_timeout: 300
 * /robot_behaviors/settings/states/general/error/error_call_retry_timeout: 60
 * /robot_behaviors/settings/states/general/error/error_confirmation_timeout: 180
 * /robot_behaviors/settings/states/general/productlist/default_timeout: 240
 * /robot_behaviors/settings/states/general/slack/topic: /from_ros_to_slack
 * /robot_behaviors/settings/states/person_detection/min_score_person_near: 0.28
 * /robot_behaviors/settings/states/voice_ctrl/call/max_iterations: 5
 * /robot_behaviors/settings/states/voice_ctrl/call/ring_timeout: 30
 * /robot_behaviors/settings/states/voice_ctrl/decision/action_exec_timeout: 20
 * /robot_behaviors/settings/states/voice_ctrl/decision/max_iterations: 3
 * /robot_behaviors/settings/states/voice_ctrl/intention/action_exec_timeout: 20
 * /robot_behaviors/settings/states/voice_ctrl/intention/max_iterations: 3
 * /robot_behaviors/settings/states/voice_ctrl/say/action_exec_timeout: 20
 * /robot_behaviors/tts_monologs/call_error/dismissed: [[1.0, u'Er schei...
 * /robot_behaviors/tts_monologs/call_error/occupied: [[1.0, 'Da ist ge...
 * /robot_behaviors/tts_monologs/call_error/timedout: [[1.0, 'Es schein...
 * /robot_behaviors/tts_monologs/discharge/bummer: [[1.0, 'Ok, schah...
 * /robot_behaviors/tts_monologs/discharge/bye1: [[1.0, 'Ich freue...
 * /robot_behaviors/tts_monologs/discharge/bye2: [[1.0, u'Viel Spa...
 * /robot_behaviors/tts_monologs/discharge/bye3: [[1.0, u'Leider v...
 * /robot_behaviors/tts_monologs/discharge/bye4: [[1.0, u'Ok! Dann...
 * /robot_behaviors/tts_monologs/discharge/bye5: [[1.0, u'Ich mach...
 * /robot_behaviors/tts_monologs/discharge/bye6: [[1.0, u'Danke f\...
 * /robot_behaviors/tts_monologs/discharge/customer_away: [[1.0, 'Ich kann ...
 * /robot_behaviors/tts_monologs/discharge/facebook_friends: [[1.0, 'Ok, schah...
 * /robot_behaviors/tts_monologs/discharge/fail2: [[1.0, u'OK! Viel...
 * /robot_behaviors/tts_monologs/discharge/fail: [[1.0, u'OK! Viel...
 * /robot_behaviors/tts_monologs/discharge/have_fun_shopping: [[1.0, u'Ok! Dann...
 * /robot_behaviors/tts_monologs/discharge/help: [[1.0, 'Konnte ic...
 * /robot_behaviors/tts_monologs/discharge/juhu: [[1.0, 'Juuhuu! D...
 * /robot_behaviors/tts_monologs/discharge/meet_again: [[1.0, u'W\xfcrde...
 * /robot_behaviors/tts_monologs/discharge/performance: [[1.0, 'Warst du ...
 * /robot_behaviors/tts_monologs/discharge/questions: [[1.0, 'Ok! Ich h...
 * /robot_behaviors/tts_monologs/discharge/servus: [[1.0, 'Sservus']]
 * /robot_behaviors/tts_monologs/discharge/three_questions: [[1.0, 'Kannst du...
 * /robot_behaviors/tts_monologs/error/general: [[1.0, u'Oh, da i...
 * /robot_behaviors/tts_monologs/error/robot: [[1.0, 'Ich habe ...
 * /robot_behaviors/tts_monologs/error/state: [[1.0, u'Oh, da s...
 * /robot_behaviors/tts_monologs/error/transition: [[1.0, u'Ein Fehl...
 * /robot_behaviors/tts_monologs/greeting/facebook: [[1.0, 'Aber ich ...
 * /robot_behaviors/tts_monologs/greeting/greetings: [[1.0, 'Hallo!'],...
 * /robot_behaviors/tts_monologs/greeting/introductions: [[1.0, 'Ich bin P...
 * /robot_behaviors/tts_monologs/greeting/juhu: [[1.0, 'Juhu! Das...
 * /robot_behaviors/tts_monologs/greeting/oh: [[1.0, 'Oh, Schad...
 * /robot_behaviors/tts_monologs/greeting/questioning: [[1.0, 'Ok! Wills...
 * /robot_behaviors/tts_monologs/greeting/search_product: [[1.0, 'Bist du a...
 * /robot_behaviors/tts_monologs/greeting/smalltalk_intros: [[1.0, 'Wenn du w...
 * /robot_behaviors/tts_monologs/hey_paul/hey: [[1.0, u'Dann sch...
 * /robot_behaviors/tts_monologs/nav_monitor/path_blocked: [[1.0, 'Huch, der...
 * /robot_behaviors/tts_monologs/nav_monitor/recovery: [[1.0, 'Hier geht...
 * /robot_behaviors/tts_monologs/nav_monitor/replan: [[1.0, 'Der Weg s...
 * /robot_behaviors/tts_monologs/navigation/aborted: [[1.0, 'Ich konnt...
 * /robot_behaviors/tts_monologs/navigation/blacklisted: [[1.0, 'Leider ka...
 * /robot_behaviors/tts_monologs/navigation/goal_failed_retry: [[1.0, 'Ich konnt...
 * /robot_behaviors/tts_monologs/navigation/goal_reached: [[1.0, 'Wir sind ...
 * /robot_behaviors/tts_monologs/navigation/goal_reached_pickup: [[1.0, 'Wir sind ...
 * /robot_behaviors/tts_monologs/navigation/goal_reached_service: [[1.0, u'Wir sind...
 * /robot_behaviors/tts_monologs/navigation/goal_reached_wc: [[1.0, 'Wir sind ...
 * /robot_behaviors/tts_monologs/navigation/low_charge: [[1.0, 'Oh, entsc...
 * /robot_behaviors/tts_monologs/navigation/on_start: [[1.0, 'Achtung j...
 * /robot_behaviors/tts_monologs/navigation/pre_start: [[1.0, u'Trete bi...
 * /robot_behaviors/tts_monologs/product_list/no_product_coord: [[1.0, u'Meine Ko...
 * /robot_behaviors/tts_monologs/product_list/search_again: [[1.0, 'Willst du...
 * /robot_behaviors/tts_monologs/product_list/show_stehle: [[1.0, 'Auf dem M...
 * /robot_behaviors/tts_monologs/product_search/currect_understood: [[1.0, 'Habe ich ...
 * /robot_behaviors/tts_monologs/product_search/nav_to_department: [[1.0, 'Darf ich ...
 * /robot_behaviors/tts_monologs/product_search/no_search_result: [[1.0, 'Ich konnt...
 * /robot_behaviors/tts_monologs/product_search/no_voice_recognition: [[1.0, 'Leider ve...
 * /robot_behaviors/tts_monologs/product_search/search_again: [[1.0, 'Wollen wi...
 * /robot_behaviors/tts_monologs/product_search/show_list: [[1.0, 'Darf ich ...
 * /robot_behaviors/tts_monologs/product_search/which_product: [[1.0, 'Welches P...
 * /robot_behaviors/tts_monologs/service/info: [[1.0, 'Soll ich ...
 * /robot_behaviors/tts_monologs/service/online_pickup: [[1.0, 'Soll ich ...
 * /robot_behaviors/tts_monologs/service/repair: [[1.0, 'Soll ich ...
 * /robot_behaviors/tts_monologs/service/wc: [[1.0, 'Soll ich ...
 * /robot_behaviors/tts_monologs/staff_search/authenticated: [[1.0, u'Ich mach...
 * /robot_behaviors/tts_monologs/staff_search/call_college: [[1.0, 'Ok. Ich r...
 * /robot_behaviors/tts_monologs/staff_search/call_message_poi: [[1.0, 'Hallo, hi...
 * /robot_behaviors/tts_monologs/staff_search/call_message_poi_product: [[1.0, 'Hallo, hi...
 * /robot_behaviors/tts_monologs/staff_search/call_message_product: [[1.0, 'Hallo, hi...
 * /robot_behaviors/tts_monologs/staff_search/call_monologs: [[1.0, 'Da sollte...
 * /robot_behaviors/tts_monologs/staff_search/fail: [[1.0, u'Leider s...
 * /robot_behaviors/tts_monologs/staff_search/monologs: [[1.0, u'Sch\xf6n...
 * /robot_behaviors/tts_monologs/staff_search/staff_comming: [[1.0, 'Mein Koll...
 * /robot_behaviors/tts_monologs/voice_error/asr: [[1.0, 'Ich konnt...
 * /robot_behaviors/tts_monologs/voice_error/no_leading_silence: [[1.0, 'Hoppla, n...
 * /robot_behaviors/tts_monologs/voice_error/no_match: [[1.0, 'Ich konnt...
 * /robot_behaviors/tts_monologs/voice_error/no_network: [[1.0, 'Oh, ich h...
 * /robot_behaviors/tts_monologs/voice_error/no_signal: [[1.0, u'Aa, ich ...
 * /robot_behaviors/tts_monologs/voice_error/no_speech: [[1.0, 'Ich konnt...
 * /robot_behaviors/tts_monologs/voice_error/noisy_environment: [[1.0, u'Bitte ko...
 * /robot_behaviors/tts_monologs/voice_error/signal_overload: [[1.0, 'Das war l...
 * /robot_behaviors/tts_monologs/voice_error/signal_too_quiet: [[1.0, 'Ich konnt...
 * /robot_behaviors/tts_monologs/voice_error/unknown: [[1.0, 'Aa, ein u...
 * /robot_behaviors/tts_sentences/idle/monologs: [[1.0, 'Test-Test...
 * /robot_behaviors/tts_sentences/locations/apple/area: [1.5, -2.3, 1.0]
 * /robot_behaviors/tts_sentences/locations/apple/monologs: [[1.0, 'Apple Are...
 * /robot_behaviors/tts_sentences/locations/gang/area: [-7.5, -3.36, 1.0]
 * /robot_behaviors/tts_sentences/locations/gang/monologs: [[1.0, 'Gang Area...
 * /robot_behaviors/tts_sentences/locations/handy/area: [4.6, -2.25, 1.0]
 * /robot_behaviors/tts_sentences/locations/handy/monologs: [[1.0, 'Handy Are...
 * /robot_behaviors/tts_sentences/locations/werkstatt/area: [-3.35, -3.68, 0.5]
 * /robot_behaviors/tts_sentences/locations/werkstatt/monologs: [[1.0, 'Werkstatt...
 * /robot_behaviors/tts_sentences/navigation/monologs: [[1.0, u'Heute fa...
 * /robot_description: <?xml version="1....
 * /robot_description_semantic: <?xml version="1....
 * /roi_outlier_removal_torso_down/roi_outlier_removal/angle_max: 0.45
 * /roi_outlier_removal_torso_down/roi_outlier_removal/angle_min: -0.45
 * /roi_outlier_removal_torso_down/roi_outlier_removal/concurrency_level: 1
 * /roi_outlier_removal_torso_down/roi_outlier_removal/max_height: 0.5
 * /roi_outlier_removal_torso_down/roi_outlier_removal/min_height: 0.0
 * /roi_outlier_removal_torso_down/roi_outlier_removal/range_max: 2.0
 * /roi_outlier_removal_torso_down/roi_outlier_removal/range_min: 0.25
 * /roi_outlier_removal_torso_down/roi_outlier_removal/roi_def_frame: torso_rotated_bas...
 * /roi_outlier_removal_torso_down/roi_outlier_removal/transform_tolerance: 0.06
 * /rosbridge_websocket/address: 
 * /rosbridge_websocket/authenticate: False
 * /rosbridge_websocket/port: 9090
 * /rosdistro: indigo
 * /rosversion: 1.11.21
 * /scan_unifier/input_scans: ['base_laser_fron...
 * /script_server/base/home: [0, 0, 0]
 * /script_server/base/service_ns: /base/driver
 * /script_server/base/topic_name: /base/twist_mux/c...
 * /script_server/behavior/service_ns: /behavior
 * /script_server/head/action_name: /head/joint_traje...
 * /script_server/head/back: [[0.0, 0.0, 3.14]]
 * /script_server/head/back_down: [[-0.5, 1.0, 2.64]]
 * /script_server/head/back_down_full: [[-1.57, 3.14, 1....
 * /script_server/head/back_up: [[0.5, -1.0, 4.21]]
 * /script_server/head/back_up_full: [[1.57, -3.14, 4....
 * /script_server/head/default_vel: 0.6
 * /script_server/head/front: [[0.0, 0.0, 0.0]]
 * /script_server/head/front_down: [[0.5, -1.0, 0.5]]
 * /script_server/head/front_down_full: [[1.57, -3.14, 1....
 * /script_server/head/front_up: [[-0.5, 1.0, -0.5]]
 * /script_server/head/front_up_full: [[-1.57, 3.14, -1...
 * /script_server/head/home: [[0.0, 0.0, 0.0]]
 * /script_server/head/joint_names: ['head_1_joint', ...
 * /script_server/head/left: [[0.0, 0.0, 1.57]]
 * /script_server/head/nod: ['front_down', 'f...
 * /script_server/head/right: [[0.0, 0.0, -1.57]]
 * /script_server/head/service_ns: /head/driver
 * /script_server/head/shake: ['left', 'right',...
 * /script_server/light_base/black: [0, 0, 0, 1]
 * /script_server/light_base/blue: [0, 0, 1, 1]
 * /script_server/light_base/cyan: [0.0, 1.0, 0.5, 0.4]
 * /script_server/light_base/green: [0, 1, 0, 1]
 * /script_server/light_base/led_off: [0, 0, 0, 1]
 * /script_server/light_base/red: [1, 0, 0, 1]
 * /script_server/light_base/white: [0.4, 1, 0.4, 1]
 * /script_server/light_base/yellow: [1, 1, 0, 1]
 * /script_server/light_torso/black: [0, 0, 0, 1]
 * /script_server/light_torso/blue: [0, 0, 1, 1]
 * /script_server/light_torso/cyan: [0.0, 1.0, 0.5, 0.4]
 * /script_server/light_torso/green: [0, 1, 0, 1]
 * /script_server/light_torso/led_off: [0, 0, 0, 1]
 * /script_server/light_torso/red: [1, 0, 0, 1]
 * /script_server/light_torso/white: [0.4, 1, 0.4, 1]
 * /script_server/light_torso/yellow: [1, 1, 0, 1]
 * /script_server/sensorring/action_name: /sensorring/joint...
 * /script_server/sensorring/back: [[3.14]]
 * /script_server/sensorring/default_vel: 1.0
 * /script_server/sensorring/front: [[0.0]]
 * /script_server/sensorring/home: [[0.0]]
 * /script_server/sensorring/joint_names: ['sensorring_joint']
 * /script_server/sensorring/left: [[1.57]]
 * /script_server/sensorring/right: [[-1.57]]
 * /script_server/sensorring/service_ns: /sensorring/driver
 * /script_server/sound/audio_file_path: /u/robot/sounds
 * /script_server/torso/action_name: /torso/joint_traj...
 * /script_server/torso/back: ['back_left']
 * /script_server/torso/back_down: [[1.0, 2.34]]
 * /script_server/torso/back_down_full: [[3.14, 1.57]]
 * /script_server/torso/back_left: [[0.0, 3.14]]
 * /script_server/torso/back_right: [[0.0, -3.14]]
 * /script_server/torso/back_up: [[-1.0, 3.64]]
 * /script_server/torso/back_up_full: [[-3.14, 4.71]]
 * /script_server/torso/default_vel: 0.4
 * /script_server/torso/front: [[0.0, 0.0]]
 * /script_server/torso/front_down: [[-1.0, 0.5]]
 * /script_server/torso/front_down_full: [[-3.14, 1.57]]
 * /script_server/torso/front_up: [[1.0, -0.5]]
 * /script_server/torso/front_up_full: [[3.14, -1.57]]
 * /script_server/torso/home: [[0.0, 0.0]]
 * /script_server/torso/joint_names: ['torso_2_joint',...
 * /script_server/torso/left: [[0.0, 1.57]]
 * /script_server/torso/nod: ['front_down', 'f...
 * /script_server/torso/right: [[0.0, -1.57]]
 * /script_server/torso/service_ns: /torso/driver
 * /script_server/torso/shake: ['left', 'right',...
 * /search_interface/env_config_path: /home/flg-ma/git/...
 * /sensorring_cam3d/camera_info_relay/lazy: True
 * /sensorring_cam3d/image_raw_relay/lazy: True
 * /sensorring_cam3d/points_relay/lazy: True
 * /sound/cepstral_settings: "speech/rate=170"
 * /sound/cepstral_voice: David
 * /sound/fade_duration: 1.0
 * /sound/fade_volume: True
 * /sound/mode: cepstral
 * /sound_test/cepstral_settings: "speech/rate=170"
 * /sound_test/cepstral_voice: Matthias
 * /sound_test/fade_duration: 1.0
 * /sound_test/fade_volume: True
 * /sound_test/mode: cepstral
 * /station_detector/distance_tolerance: 0.1
 * /station_detector/intensity_lower_threshold: 200
 * /station_detector/intensity_upper_threshold: 10000
 * /station_detector/stations: [{'reflector_dist...
 * /station_detector/update_rate: 0.25
 * /teleop/teleop_node_cob_stud_5_32719_1734726564110909590/apply_ramp: False
 * /teleop/teleop_node_cob_stud_5_32719_1734726564110909590/axis_pitch: 3
 * /teleop/teleop_node_cob_stud_5_32719_1734726564110909590/axis_roll: 4
 * /teleop/teleop_node_cob_stud_5_32719_1734726564110909590/axis_vx: 1
 * /teleop/teleop_node_cob_stud_5_32719_1734726564110909590/axis_vy: 0
 * /teleop/teleop_node_cob_stud_5_32719_1734726564110909590/axis_vz: 5
 * /teleop/teleop_node_cob_stud_5_32719_1734726564110909590/axis_yaw: 2
 * /teleop/teleop_node_cob_stud_5_32719_1734726564110909590/components/base/twist_max_acc: [0.5, 0.5, 0.7]
 * /teleop/teleop_node_cob_stud_5_32719_1734726564110909590/components/base/twist_max_velocity: [0.3, 0.2, 0.3]
 * /teleop/teleop_node_cob_stud_5_32719_1734726564110909590/components/base/twist_safety_topic_name: /base/collision_v...
[...]
    person_of_interest_filter (msh_people/person_of_interest_filter.py)
  /image_flip_sensorring_cam3d/
    image_flip_sensorring_cam3d_nodelet (nodelet/nodelet)
    sensorring_cam3d_nodelet_manager (nodelet/nodelet)
  /world/
    world_joint_state_controller_spawner (controller_manager/controller_manager)
  /base/
    base_controller_spawner (controller_manager/controller_manager)
    fake_driver (cob_helper_tools/fake_driver.py)
    twist_marker (twist_mux/twist_marker)
    twist_mux (twist_mux/twist_mux)
    velocity_smoother (cob_base_velocity_smoother/velocity_smoother)
  /pointcloud_to_laserscan_torso_right/
    pointcloud_to_laserscan (nodelet/nodelet)
  /teleop/
    teleop_node_cob_stud_5_32719_1734726564110909590 (cob_teleop/cob_teleop)
  /pcl_statistical_outlier_filter_torso_down/
    statoutlier (nodelet/nodelet)
  /torso_cam3d_down/
    camera_info_relay (topic_tools/relay)
    image_raw_relay (topic_tools/relay)
    points_relay (topic_tools/relay)
    stp_depth_frame (tf2_ros/static_transform_publisher)
    stp_depth_optical_frame (tf2_ros/static_transform_publisher)
    stp_ir2_frame (tf2_ros/static_transform_publisher)
    stp_ir2_optical_frame (tf2_ros/static_transform_publisher)
    stp_ir_frame (tf2_ros/static_transform_publisher)
    stp_ir_optical_frame (tf2_ros/static_transform_publisher)
    stp_rgb_frame (tf2_ros/static_transform_publisher)
    stp_rgb_optical_frame (tf2_ros/static_transform_publisher)
    torso_cam3d_down_nodelet_manager (nodelet/nodelet)

[ROSTEST]setup[/home/flg-ma/git/nav_tests/build/atf_nav_test/test_generated/recording/recording_ts0_c0_r0_e0_0.test] run_id[6ee2a73c-b004-11e7-856f-782bcbad4e67] done
[ROSTEST]Running test [recording_ts0_c0_r0_e0_0]
?[1mROS_MASTER_URI=http://cob-stud-5:43835/?[0m
?[1msetting /run_id to 6ee2a73c-b004-11e7-856f-782bcbad4e67?[0m
?[1mprocess[rosout-1]: started with pid [11550]?[0m
started core service [/rosout]
running rosparam delete /objects
running rosparam delete /diagnostic_aggregator/diagnostic_aggregator/
running rosparam delete /move_base
?[1mprocess[gazebo-2]: started with pid [13950]?[0m
?[1mprocess[spawn_urdf_world-3]: started with pid [13974]?[0m
?[1mprocess[world_state_publisher-4]: started with pid [13987]?[0m
?[1mprocess[world/world_joint_state_controller_spawner-5]: started with pid [14006]?[0m
?[1mprocess[world_tf_publisher-6]: started with pid [14227]?[0m
?[1mprocess[relayboard_node-7]: started with pid [14279]?[0m
?[1mprocess[bms-8]: started with pid [14320]?[0m
?[1mprocess[bms/power_state_aggregator-9]: started with pid [14345]?[0m
?[1mprocess[base_laser_front/scan_filter-10]: started with pid [14367]?[0m
?[1mprocess[base_laser_right/scan_filter-11]: started with pid [14423]?[0m
?[1mprocess[base_laser_left/scan_filter-12]: started with pid [14441]?[0m
?[1mprocess[base/fake_driver-13]: started with pid [14502]?[0m
?[1mprocess[base/base_controller_spawner-14]: started with pid [14511]?[0m
?[1mprocess[base/twist_mux-15]: started with pid [14523]?[0m
?[1mprocess[base/twist_marker-16]: started with pid [14559]?[0m
?[1mprocess[base/velocity_smoother-17]: started with pid [14633]?[0m
?[1mprocess[light_base-18]: started with pid [14761]?[0m
?[1mprocess[scan_unifier-19]: started with pid [14831]?[0m
?[1mprocess[collision_velocity_filter-20]: started with pid [14978]?[0m
?[1mprocess[fake_collission_monitor-21]: started with pid [15025]?[0m
?[1mprocess[diagnostic_aggregator-22]: started with pid [15072]?[0m
?[1mprocess[dashboard_aggregator-23]: started with pid [15166]?[0m
?[1mprocess[emergency_stop_monitor-24]: started with pid [15254]?[0m
?[1mprocess[battery_monitor-25]: started with pid [15272]?[0m
?[1mprocess[teleop/teleop_node_cob_stud_5_32719_1734726564110909590-26]: started with pid [15339]?[0m
?[1mprocess[laser_filter-27]: started with pid [15398]?[0m
?[1mprocess[station_detector-28]: started with pid [15453]?[0m
?[1mprocess[docker_control/move_base_linear-29]: started with pid [15498]?[0m
?[1mprocess[docker_control-30]: started with pid [15584]?[0m
?[1mprocess[fake_docker_control-31]: started with pid [15653]?[0m
?[1mprocess[robot_state_publisher-32]: started with pid [15714]?[0m
?[1mprocess[joint_state_publisher-33]: started with pid [15791]?[0m
?[1mprocess[fake_diagnostics-34]: started with pid [15881]?[0m
?[1mprocess[torso/fake_driver-35]: started with pid [15941]?[0m
?[1mprocess[torso/torso_controller_spawner-36]: started with pid [15986]?[0m
?[1mprocess[torso/control_mode_adapter-37]: started with pid [16015]?[0m
?[1mprocess[hz_monitor_torso_cam3d_right-38]: started with pid [16046]?[0m
?[1mprocess[image_flip_torso_cam3d_right/image_flip_torso_cam3d_right_nodelet-39]: started with pid [16084]?[0m
?[1mprocess[torso_cam3d_right/camera_info_relay-40]: started with pid [16141]?[0m
?[1mprocess[torso_cam3d_right/image_raw_relay-41]: started with pid [16187]?[0m
?[1mprocess[torso_cam3d_right/points_relay-42]: started with pid [16236]?[0m
?[1mprocess[light_torso-43]: started with pid [16337]?[0m
?[1mprocess[script_server-44]: started with pid [16471]?[0m
?[1mprocess[android_script_server-45]: started with pid [16583]?[0m
?[1mprocess[android_script_server_hartbeat-46]: started with pid [16596]?[0m
?[1mprocess[behavior-47]: started with pid [16670]?[0m
?[1mprocess[hz_monitor_torso_cam3d_down-48]: started with pid [16683]?[0m
?[1mprocess[image_flip_torso_cam3d_down/image_flip_torso_cam3d_down_nodelet-49]: started with pid [16710]?[0m
?[1mprocess[torso_cam3d_down/stp_rgb_frame-50]: started with pid [16759]?[0m
?[1mprocess[torso_cam3d_down/stp_rgb_optical_frame-51]: started with pid [16794]?[0m
?[1mprocess[torso_cam3d_down/stp_depth_frame-52]: started with pid [16866]?[0m
?[1mprocess[torso_cam3d_down/stp_depth_optical_frame-53]: started with pid [16918]?[0m
?[1mprocess[torso_cam3d_down/stp_ir_frame-54]: started with pid [16986]?[0m
?[1mprocess[torso_cam3d_down/stp_ir_optical_frame-55]: started with pid [17041]?[0m
?[1mprocess[torso_cam3d_down/stp_ir2_frame-56]: started with pid [17121]?[0m
?[1mprocess[torso_cam3d_down/stp_ir2_optical_frame-57]: started with pid [17199]?[0m
?[1mprocess[torso_cam3d_down/camera_info_relay-58]: started with pid [17283]?[0m
?[1mprocess[torso_cam3d_down/image_raw_relay-59]: started with pid [17333]?[0m
?[1mprocess[torso_cam3d_down/points_relay-60]: started with pid [17391]?[0m
?[1mprocess[hz_monitor_torso_cam3d_left-61]: started with pid [17431]?[0m
?[1mprocess[image_flip_torso_cam3d_left/image_flip_torso_cam3d_left_nodelet-62]: started with pid [17523]?[0m
?[1mprocess[torso_cam3d_left/camera_info_relay-63]: started with pid [17571]?[0m
?[1mprocess[torso_cam3d_left/image_raw_relay-64]: started with pid [17636]?[0m
?[1mprocess[torso_cam3d_left/points_relay-65]: started with pid [17694]?[0m
?[1mprocess[hz_monitor_sensorring_cam3d-66]: started with pid [17741]?[0m
?[1mprocess[image_flip_sensorring_cam3d/sensorring_cam3d_nodelet_manager-67]: started with pid [17803]?[0m
?[1mprocess[image_flip_sensorring_cam3d/image_flip_sensorring_cam3d_nodelet-68]: started with pid [17870]?[0m
?[1mprocess[sensorring_cam3d/camera_info_relay-69]: started with pid [17935]?[0m
?[1mprocess[sensorring_cam3d/image_raw_relay-70]: started with pid [17981]?[0m
?[1mprocess[sensorring_cam3d/points_relay-71]: started with pid [18071]?[0m
?[1mprocess[head_cam/image_proc-72]: started with pid [18140]?[0m
?[1mprocess[hz_monitor_head_cam-73]: started with pid [18186]?[0m
?[1mprocess[image_flip_head_cam/image_flip_head_cam-74]: started with pid [18296]?[0m
?[1mprocess[sound-75]: started with pid [18410]?[0m
?[1mprocess[spawn_gazebo_model-76]: started with pid [18425]?[0m
?[1mprocess[spawn_charger-77]: started with pid [18461]?[0m
?[1mprocess[visualize_navigation_goals-78]: started with pid [18501]?[0m
?[1mprocess[map_server-79]: started with pid [18569]?[0m
?[1mprocess[ipa_loc_feature_map_server-80]: started with pid [18677]?[0m
?[1mprocess[ipa_loc_feature_source_laser_node-81]: started with pid [18804]?[0m
?[1mprocess[ipa_loc_feature_association_node-82]: started with pid [18963]?[0m
?[1mprocess[ipa_loc_feature_fusion_ekf_node-83]: started with pid [19133]?[0m
?[1mprocess[move_base-84]: started with pid [19188]?[0m
?[1mprocess[path_segment_server_node-85]: started with pid [19334]?[0m
?[1mprocess[laserscan_zone_filter-86]: started with pid [19445]?[0m
?[1mprocess[move_base_linear-87]: started with pid [19475]?[0m
?[1mprocess[nav_state_observer-88]: started with pid [19545]?[0m
?[1mprocess[hz_monitor_navigation-89]: started with pid [19593]?[0m
?[1mprocess[auto_init-90]: started with pid [19619]?[0m
?[1mprocess[auto_recover-91]: started with pid [19693]?[0m
?[1mprocess[start_machine-92]: started with pid [19780]?[0m
?[1mprocess[start_error_monitor-93]: started with pid [19983]?[0m
?[1mprocess[rosbridge_websocket-94]: started with pid [20057]?[0m
?[1mprocess[rosapi-95]: started with pid [20249]?[0m
?[1mprocess[fake_gui-96]: started with pid [20321]?[0m
?[1mprocess[torso_rotated_base_link_publisher-97]: started with pid [20579]?[0m
?[1mprocess[logger-98]: started with pid [20658]?[0m
?[1mprocess[joint_states_throttle-99]: started with pid [20750]?[0m
?[1mprocess[search_interface-100]: started with pid [20931]?[0m
?[1mprocess[hz_monitor_search-101]: started with pid [21017]?[0m
?[1mprocess[detection_filter_3d-102]: started with pid [21239]?[0m
?[1mprocess[torso_cam3d_right/torso_cam3d_right_nodelet_manager-103]: started with pid [21315]?[0m
?[1mprocess[pointcloud_to_laserscan_torso_right/pointcloud_to_laserscan-104]: started with pid [21366]?[0m
?[1mprocess[state_machine_monitor-105]: started with pid [21473]?[0m
?[1mprocess[error_monitor-106]: started with pid [21674]?[0m
?[1mprocess[hz_monitor_state_machine-107]: started with pid [21707]?[0m
?[1mprocess[torso_cam3d_down/torso_cam3d_down_nodelet_manager-108]: started with pid [21763]?[0m
?[1mprocess[roi_outlier_removal_torso_down/roi_outlier_removal-109]: started with pid [21803]?[0m
?[1mprocess[pcl_statistical_outlier_filter_torso_down/statoutlier-110]: started with pid [21842]?[0m
?[1m[spawn_urdf_world-3] process has finished cleanly
log file: /home/flg-ma/.ros/log/6ee2a73c-b004-11e7-856f-782bcbad4e67/spawn_urdf_world-3*.log?[0m
?[1mprocess[pointcloud_to_laserscan_torso_down/pointcloud_to_laserscan-111]: started with pid [21867]?[0m
?[1mprocess[hz_monitor_sensor_processing-112]: started with pid [21967]?[0m
?[1mprocess[torso_cam3d_left/torso_cam3d_left_nodelet_manager-113]: started with pid [22074]?[0m
?[1mprocess[pointcloud_to_laserscan_torso_left/pointcloud_to_laserscan-114]: started with pid [22121]?[0m
?[1mprocess[auto_localisation-115]: started with pid [22232]?[0m
?[1mprocess[robot_behaviors-116]: started with pid [22360]?[0m
?[1mprocess[trigger_actions-117]: started with pid [22415]?[0m
?[1m[spawn_charger-77] process has finished cleanly
log file: /home/flg-ma/.ros/log/6ee2a73c-b004-11e7-856f-782bcbad4e67/spawn_charger-77*.log?[0m
?[1mprocess[people_detection_sensorring/sensor_message_gateway-118]: started with pid [23195]?[0m
?[1mprocess[people_detection_sensorring/head_detector-119]: started with pid [23477]?[0m
?[1mprocess[people_detection_sensorring/face_detector-120]: started with pid [23584]?[0m
?[1mprocess[robot_status-121]: started with pid [23619]?[0m
?[1mprocess[person_of_interest_filter/person_of_interest_filter-122]: started with pid [23673]?[0m
?[1mprocess[barcode_reader-123]: started with pid [23737]?[0m
?[1mprocess[voice_control-124]: started with pid [24479]?[0m
?[1mprocess[msh_voice_control_behavior-125]: started with pid [24540]?[0m
?[1mprocess[hz_monitor_voice_control-126]: started with pid [24561]?[0m
?[1mprocess[linphone_ros-127]: started with pid [24632]?[0m
?[1mprocess[hz_monitor_linphone-128]: started with pid [24665]?[0m
?[1mprocess[sound_test-129]: started with pid [24686]?[0m
?[1mprocess[rviz_cob_stud_5_32719_4606176638672771657-130]: started with pid [24732]?[0m
[ROSTEST]running test recording_ts0_c0_r0_e0_0
?[1mprocess[recording_ts0_c0_r0_e0_0-131]: started with pid [24764]?[0m
?[1m[spawn_gazebo_model-76] process has finished cleanly
log file: /home/flg-ma/.ros/log/6ee2a73c-b004-11e7-856f-782bcbad4e67/spawn_gazebo_model-76*.log?[0m
?[1m[torso/torso_controller_spawner-36] process has finished cleanly
log file: /home/flg-ma/.ros/log/6ee2a73c-b004-11e7-856f-782bcbad4e67/torso-torso_controller_spawner-36*.log?[0m
?[1m[base/base_controller_spawner-14] process has finished cleanly
log file: /home/flg-ma/.ros/log/6ee2a73c-b004-11e7-856f-782bcbad4e67/base-base_controller_spawner-14*.log?[0m
?[1m[auto_init-90] process has finished cleanly
log file: /home/flg-ma/.ros/log/6ee2a73c-b004-11e7-856f-782bcbad4e67/auto_init-90*.log?[0m
?[1m[recording_ts0_c0_r0_e0_0-131] process has finished cleanly
log file: /home/flg-ma/.ros/log/6ee2a73c-b004-11e7-856f-782bcbad4e67/recording_ts0_c0_r0_e0_0-131*.log?[0m
[ROSTEST]test [recording_ts0_c0_r0_e0_0] finished
[ROSTEST]test [recording_ts0_c0_r0_e0_0] results are in [/home/flg-ma/git/nav_tests/build/test_results/atf_nav_test/rosunit-recording_ts0_c0_r0_e0_0.xml]
[ROSTEST]test [recording_ts0_c0_r0_e0_0] results summary: 0 errors, 0 failures, 1 tests
[ROSTEST][ROSTEST] test [recording_ts0_c0_r0_e0_0] done
[ROSTEST]tearDown[/home/flg-ma/git/nav_tests/build/atf_nav_test/test_generated/recording/recording_ts0_c0_r0_e0_0.test]
shutting down processing monitor...
[rviz_cob_stud_5_32719_4606176638672771657-130] killing on exit
[hz_monitor_linphone-128] killing on exit
[hz_monitor_voice_control-126] killing on exit
[barcode_reader-123] killing on exit
[person_of_interest_filter/person_of_interest_filter-122] killing on exit
[people_detection_sensorring/face_detector-120] killing on exit
[voice_control-124] killing on exit
[sound_test-129] killing on exit
[linphone_ros-127] killing on exit
[msh_voice_control_behavior-125] killing on exit
[people_detection_sensorring/head_detector-119] killing on exit
[people_detection_sensorring/sensor_message_gateway-118] killing on exit
[trigger_actions-117] killing on exit
[robot_behaviors-116] killing on exit
[auto_localisation-115] killing on exit
[pointcloud_to_laserscan_torso_left/pointcloud_to_laserscan-114] killing on exit
[torso_cam3d_left/torso_cam3d_left_nodelet_manager-113] killing on exit
[hz_monitor_sensor_processing-112] killing on exit
[pcl_statistical_outlier_filter_torso_down/statoutlier-110] killing on exit
[pointcloud_to_laserscan_torso_down/pointcloud_to_laserscan-111] killing on exit
[roi_outlier_removal_torso_down/roi_outlier_removal-109] killing on exit
[torso_cam3d_down/torso_cam3d_down_nodelet_manager-108] killing on exit
[error_monitor-106] killing on exit
[hz_monitor_state_machine-107] killing on exit
[state_machine_monitor-105] killing on exit
[pointcloud_to_laserscan_torso_right/pointcloud_to_laserscan-104] killing on exit
[torso_cam3d_right/torso_cam3d_right_nodelet_manager-103] killing on exit
[detection_filter_3d-102] killing on exit
[hz_monitor_search-101] killing on exit
[search_interface-100] killing on exit
[joint_states_throttle-99] killing on exit
[logger-98] killing on exit
[torso_rotated_base_link_publisher-97] killing on exit
[fake_gui-96] killing on exit
[rosapi-95] killing on exit
[rosbridge_websocket-94] killing on exit
[start_error_monitor-93] killing on exit
[start_machine-92] killing on exit
[auto_recover-91] killing on exit
[hz_monitor_navigation-89] killing on exit
[nav_state_observer-88] killing on exit
[move_base_linear-87] killing on exit
[laserscan_zone_filter-86] killing on exit
[path_segment_server_node-85] killing on exit
[move_base-84] killing on exit
[ipa_loc_feature_fusion_ekf_node-83] killing on exit
[ipa_loc_feature_association_node-82] killing on exit
[ipa_loc_feature_source_laser_node-81] killing on exit
[ipa_loc_feature_map_server-80] killing on exit
[visualize_navigation_goals-78] killing on exit
[map_server-79] killing on exit
[sound-75] killing on exit
[image_flip_head_cam/image_flip_head_cam-74] killing on exit
[hz_monitor_head_cam-73] killing on exit
[head_cam/image_proc-72] killing on exit
[sensorring_cam3d/points_relay-71] killing on exit
[sensorring_cam3d/image_raw_relay-70] killing on exit
[sensorring_cam3d/camera_info_relay-69] killing on exit
[image_flip_sensorring_cam3d/image_flip_sensorring_cam3d_nodelet-68] killing on exit
[image_flip_sensorring_cam3d/sensorring_cam3d_nodelet_manager-67] killing on exit
[hz_monitor_sensorring_cam3d-66] killing on exit
[torso_cam3d_left/points_relay-65] killing on exit
[torso_cam3d_left/image_raw_relay-64] killing on exit
[torso_cam3d_left/camera_info_relay-63] killing on exit
[image_flip_torso_cam3d_left/image_flip_torso_cam3d_left_nodelet-62] killing on exit
[hz_monitor_torso_cam3d_left-61] killing on exit
[torso_cam3d_down/points_relay-60] killing on exit
[torso_cam3d_down/image_raw_relay-59] killing on exit
[torso_cam3d_down/camera_info_relay-58] killing on exit
[torso_cam3d_down/stp_ir2_optical_frame-57] killing on exit
[torso_cam3d_down/stp_ir2_frame-56] killing on exit
[torso_cam3d_down/stp_ir_optical_frame-55] killing on exit
[torso_cam3d_down/stp_ir_frame-54] killing on exit
[torso_cam3d_down/stp_depth_optical_frame-53] killing on exit
[torso_cam3d_down/stp_depth_frame-52] killing on exit
[torso_cam3d_down/stp_rgb_optical_frame-51] killing on exit
[torso_cam3d_down/stp_rgb_frame-50] killing on exit
[image_flip_torso_cam3d_down/image_flip_torso_cam3d_down_nodelet-49] killing on exit
[hz_monitor_torso_cam3d_down-48] killing on exit
[behavior-47] killing on exit
[android_script_server_hartbeat-46] killing on exit
[android_script_server-45] killing on exit
[script_server-44] killing on exit
[light_torso-43] killing on exit
[torso_cam3d_right/points_relay-42] killing on exit
[torso_cam3d_right/image_raw_relay-41] killing on exit
[torso_cam3d_right/camera_info_relay-40] killing on exit
[image_flip_torso_cam3d_right/image_flip_torso_cam3d_right_nodelet-39] killing on exit
[hz_monitor_torso_cam3d_right-38] killing on exit
[torso/control_mode_adapter-37] killing on exit
[torso/fake_driver-35] killing on exit
[fake_diagnostics-34] killing on exit
[joint_state_publisher-33] killing on exit
[robot_state_publisher-32] killing on exit
[fake_docker_control-31] killing on exit
[docker_control-30] killing on exit
[docker_control/move_base_linear-29] killing on exit
[station_detector-28] killing on exit
[laser_filter-27] killing on exit
[teleop/teleop_node_cob_stud_5_32719_1734726564110909590-26] killing on exit
[battery_monitor-25] killing on exit
[emergency_stop_monitor-24] killing on exit
[dashboard_aggregator-23] killing on exit
[diagnostic_aggregator-22] killing on exit
[fake_collission_monitor-21] killing on exit
[collision_velocity_filter-20] killing on exit
[scan_unifier-19] killing on exit
[light_base-18] killing on exit
[base/velocity_smoother-17] killing on exit
[base/twist_marker-16] killing on exit
[base/twist_mux-15] killing on exit
[base/fake_driver-13] killing on exit
[base_laser_left/scan_filter-12] killing on exit
[base_laser_right/scan_filter-11] killing on exit
[base_laser_front/scan_filter-10] killing on exit
[bms/power_state_aggregator-9] killing on exit
[bms-8] killing on exit
[relayboard_node-7] killing on exit
[world_tf_publisher-6] killing on exit
[world/world_joint_state_controller_spawner-5] killing on exit
[world_state_publisher-4] killing on exit
[gazebo-2] killing on exit
[rosout-1] killing on exit
... shutting down processing monitor complete
[ROSTEST]rostest teardown /home/flg-ma/git/nav_tests/build/atf_nav_test/test_generated/recording/recording_ts0_c0_r0_e0_0.test complete
]]></system-out>
  <system-err><![CDATA[?[31m[robot_status-121] process has died [pid 23619, exit code 1, cmd /home/flg-ma/git/catkin_ws/src/msh/msh_bringup/scripts/robot_status_retriever.py __name:=robot_status __log:=/home/flg-ma/.ros/log/6ee2a73c-b004-11e7-856f-782bcbad4e67/robot_status-121.log].
log file: /home/flg-ma/.ros/log/6ee2a73c-b004-11e7-856f-782bcbad4e67/robot_status-121*.log?[0m
?[31m[voice_control-124] escalating to SIGTERM?[0m
]]></system-err>
</testsuite>
