<?xml version="1.0" encoding="utf-8"?>
<testsuite errors="0" failures="0" name="unittest.suite.TestSuite" tests="1" time="9.397">
  <testcase classname="rostest.runner.RosTest" name="testanalysing_ts0_c0_r0_e0_0" time="9.3971"></testcase>
  <system-out><![CDATA[[ROSTEST]setup[/home/flg-ma/git/nav_tests/build/atf_nav_test/test_generated/analysing/analysing_ts0_c0_r0_e0_0.test] run_id[ccf251ba-b004-11e7-a835-782bcbad4e67] starting
?[1mstarted roslaunch server http://cob-stud-5:40564/?[0m

SUMMARY
========

PARAMETERS
 * /atf/json_output: /tmp/atf_nav_test...
 * /atf/test_config/testblock_nav/goal: [{'topic': '/move...
 * /atf/test_config/testblock_nav/jerk: [{'topic': '/base...
 * /atf/test_config/testblock_nav/path_length: [{'root_frame': '...
 * /atf/test_config/testblock_nav/time: [{'groundtruth_ep...
 * /atf/test_config_name: test1
 * /atf/test_generated_path: /home/flg-ma/git/...
 * /atf/test_name: ts0_c0_r0_e0_0
 * /atf/yaml_output: /tmp/atf_nav_test...
 * /rosdistro: indigo
 * /rosversion: 1.11.21

NODES
  /
    player (rosbag/play)

[ROSTEST]setup[/home/flg-ma/git/nav_tests/build/atf_nav_test/test_generated/analysing/analysing_ts0_c0_r0_e0_0.test] run_id[ccf251ba-b004-11e7-a835-782bcbad4e67] done
[ROSTEST]Running test [analysing_ts0_c0_r0_e0_0]
?[1mROS_MASTER_URI=http://cob-stud-5:34890/?[0m
?[1msetting /run_id to ccf251ba-b004-11e7-a835-782bcbad4e67?[0m
?[1mprocess[rosout-1]: started with pid [22544]?[0m
started core service [/rosout]
?[1mprocess[player-2]: started with pid [22623]?[0m
[ROSTEST]running test analysing_ts0_c0_r0_e0_0
?[1mprocess[analysing_ts0_c0_r0_e0_0-3]: started with pid [22677]?[0m
[analysing_ts0_c0_r0_e0_0-3] killing on exit
[player-2] killing on exit
[rosout-1] killing on exit
[ROSTEST]test [analysing_ts0_c0_r0_e0_0] finished
[ROSTEST]test [analysing_ts0_c0_r0_e0_0] results are in [/home/flg-ma/git/nav_tests/build/test_results/atf_nav_test/rosunit-analysing_ts0_c0_r0_e0_0.xml]
[ROSTEST]test [analysing_ts0_c0_r0_e0_0] results summary: 0 errors, 1 failures, 1 tests
[ROSTEST][ROSTEST] test [analysing_ts0_c0_r0_e0_0] done
[ROSTEST]tearDown[/home/flg-ma/git/nav_tests/build/atf_nav_test/test_generated/analysing/analysing_ts0_c0_r0_e0_0.test]
shutting down processing monitor...
... shutting down processing monitor complete
[ROSTEST]rostest teardown /home/flg-ma/git/nav_tests/build/atf_nav_test/test_generated/analysing/analysing_ts0_c0_r0_e0_0.test complete
]]></system-out>
  <system-err><![CDATA[?[31m================================================================================REQUIRED process [player-2] has died!
process has finished cleanly
log file: /home/flg-ma/.ros/log/ccf251ba-b004-11e7-a835-782bcbad4e67/player-2*.log
Initiating shutdown!
================================================================================?[0m
]]></system-err>
</testsuite>
