<?xml version="1.0" encoding="utf-8"?>
<testsuite errors="0" failures="0" name="unittest.suite.TestSuite" tests="1" time="2.327">
  <testcase classname="rostest.runner.RosTest" name="testmerging" time="2.3273"></testcase>
  <system-out><![CDATA[[ROSTEST]setup[/home/flg-ma/git/nav_tests/build/atf_nav_test/test_generated/merging.test] run_id[d39dba2c-b004-11e7-b37a-782bcbad4e67] starting
?[1mstarted roslaunch server http://cob-stud-5:38695/?[0m

SUMMARY
========

PARAMETERS
 * /atf/json_output: /tmp/atf_nav_test...
 * /atf/test_config/testblock_nav/goal: [{'topic': '/move...
 * /atf/test_config/testblock_nav/jerk: [{'topic': '/base...
 * /atf/test_config/testblock_nav/path_length: [{'root_frame': '...
 * /atf/test_config/testblock_nav/time: [{'groundtruth_ep...
 * /atf/test_config_name: test1
 * /atf/test_name: ts0_c0_r0_e0
 * /atf/yaml_output: /tmp/atf_nav_test...
 * /rosdistro: indigo
 * /rosversion: 1.11.21

NODES

[ROSTEST]setup[/home/flg-ma/git/nav_tests/build/atf_nav_test/test_generated/merging.test] run_id[d39dba2c-b004-11e7-b37a-782bcbad4e67] done
[ROSTEST]Running test [merging]
?[1mROS_MASTER_URI=http://cob-stud-5:38160/?[0m
?[1msetting /run_id to d39dba2c-b004-11e7-b37a-782bcbad4e67?[0m
?[1mprocess[rosout-1]: started with pid [17123]?[0m
started core service [/rosout]
[ROSTEST]running test merging
?[1mprocess[merging-2]: started with pid [17203]?[0m
?[1m[merging-2] process has finished cleanly
log file: /home/flg-ma/.ros/log/d39dba2c-b004-11e7-b37a-782bcbad4e67/merging-2*.log?[0m
[ROSTEST]test [merging] finished
[ROSTEST]test [merging] results are in [/home/flg-ma/git/nav_tests/build/test_results/atf_nav_test/rosunit-merging.xml]
[ROSTEST]test [merging] results summary: 0 errors, 0 failures, 1 tests
[ROSTEST][ROSTEST] test [merging] done
[ROSTEST]tearDown[/home/flg-ma/git/nav_tests/build/atf_nav_test/test_generated/merging.test]
shutting down processing monitor...
[rosout-1] killing on exit
... shutting down processing monitor complete
[ROSTEST]rostest teardown /home/flg-ma/git/nav_tests/build/atf_nav_test/test_generated/merging.test complete
]]></system-out>
  <system-err><![CDATA[]]></system-err>
</testsuite>
