<?xml version="1.0" encoding="utf-8"?>
<testsuite errors="0" failures="0" name="unittest.suite.TestSuite" tests="1" time="122.291">
  <testcase classname="__main__.Test" name="test_Recording" time="122.2912"></testcase>
  <system-out><![CDATA[-x 1.0 -y -0.0 -R 0.0 -P 0.0 -Y 0.0
?[94m===========================================================
RVIZ initialpose: [x: 1.0; y: -0.0; R: 0.0; P: 0.0; Y: 0.0]
===========================================================?[0m
header: 
  seq: 0
  stamp: 
    secs: 0
    nsecs:         0
  frame_id: map
pose: 
  pose: 
    position: 
      x: 1.0
      y: -0.0
      z: 0.0
    orientation: 
      x: 0.0
      y: 0.0
      z: 0.0
      w: 1.0
  covariance: [0.25, 0.0, 0.0, 0.0, 0.0, 0.0, 0.0, 0.25, 0.0, 0.0, 0.0, 0.0, 0.0, 0.0, 0.0, 0.0, 0.0, 0.0, 0.0, 0.0, 0.0, 0.0, 0.0, 0.0, 0.0, 0.0, 0.0, 0.0, 0.0, 0.0, 0.0, 0.0, 0.0, 0.0, 0.0, 0.06853891945200942]
?[94m================================================================================?[0m
[INFO] [WallTime: 1507891892.462933] [2.032000] Waiting for topic '/move_base/status'...
[INFO] [WallTime: 1507891923.690782] [12.900000] ... got message on topic '/move_base/status'.
[INFO] [WallTime: 1507891926.462016] [13.901000] ATF recorder: started!
[INFO] [WallTime: 1507891926.462754] [13.901000] ?[91m----self.testblocks = atf_configuration_parser.create_testblocks(self.config, self.recorder_handle, ?[1mcreate_metrics=True?[0m?[91m)----?[0m
[INFO] [WallTime: 1507891927.656167] [14.326000] -- SM for testblock 'testblock_nav' is running.
[INFO] [WallTime: 1507891931.749998] [15.904000] Starting testblock 'testblock_nav'
[INFO] [WallTime: 1507891931.751055] [15.904000] ?[91m----calc_jerk.py----?[0m
[INFO] [WallTime: 1507891931.752445] [15.904000] ?[91m----time.py----?[0m
[INFO] [WallTime: 1507891931.753547] [15.904000] -- SM 'testblock_nav' in state 1
[INFO] [WallTime: 1507891936.363779] [17.332000] Move <<base>> to <<[5.0, -5.0, -1.570796326794895]>>
[INFO] [WallTime: 1507891936.673804] [17.464000] Wait for <<base>> reaching <<[5.0, -5.0, -1.570796326794895]>>...
[INFO] [WallTime: 1507891936.720341] [17.495000] ?[91m----callback goal----?[0m
[INFO] [WallTime: 1507891936.721651] [17.496000] ?[1mGoal X: 5.0	[m]?[0m
[INFO] [WallTime: 1507891936.722348] [17.500000] ?[1mGoal Y: -5.0	[m]?[0m
[INFO] [WallTime: 1507892006.534815] [39.762000] ...<<base>> reached <<[5.0, -5.0, -1.570796326794895]>>
[INFO] [WallTime: 1507892006.535470] [39.766000] Shutdown ATF.
[INFO] [WallTime: 1507892010.257196] [40.936000] Stopping testblock 'testblock_nav'
[INFO] [WallTime: 1507892010.260852] [40.936000] -- SM 'testblock_nav' in state 3
[INFO] [WallTime: 1507892010.262979] [40.936000] -- SM 'testblock_nav' finished with state 3
]]></system-out>
  <system-err><![CDATA[]]></system-err>
</testsuite>
